Command line invocation:
    /Applications/Xcode.app/Contents/Developer/usr/bin/xcodebuild test -workspace CardShowPro.xcworkspace -scheme CardShowPro -destination "platform=iOS Simulator,name=iPhone 16" "-only-testing:CardShowProUITests" -resultBundlePath TestResults.xcresult

Resolve Package Graph


Resolved source packages:
  swift-concurrency-extras: https://github.com/pointfreeco/swift-concurrency-extras @ 1.3.2
  RevenueCat: https://github.com/RevenueCat/purchases-ios @ 4.43.2
  swift-asn1: https://github.com/apple/swift-asn1.git @ 1.5.1
  Supabase: https://github.com/supabase/supabase-swift @ 2.5.1
  KeychainAccess: https://github.com/kishikawakatsumi/KeychainAccess @ 4.2.2
  CardShowProFeature: /Users/preem/Desktop/CardshowPro/CardShowProPackage
  swift-crypto: https://github.com/apple/swift-crypto.git @ 3.15.1

Writing result bundle at path:
	/Users/preem/Desktop/CardshowPro/TestResults.xcresult

--- xcodebuild: WARNING: Using the first of multiple matching destinations:
{ platform:iOS Simulator, arch:arm64, id:42193C88-5733-469F-B749-87B35D6C0EB9, OS:18.5, name:iPhone 16 }
{ platform:iOS Simulator, arch:x86_64, id:42193C88-5733-469F-B749-87B35D6C0EB9, OS:18.5, name:iPhone 16 }
ComputePackagePrebuildTargetDependencyGraph

Prepare packages

CreateBuildRequest

SendProjectDescription

CreateBuildOperation

ComputeTargetDependencyGraph
note: Building targets in dependency order
note: Target dependency graph (23 targets)
    Target 'CardShowProUITests' in project 'CardShowPro'
        ➜ Explicit dependency on target 'CardShowPro' in project 'CardShowPro'
        ➜ Explicit dependency on target 'CardShowProFeature' in project 'CardShowProFeature'
    Target 'CardShowProFeatureTests' in project 'CardShowProFeature'
        ➜ Explicit dependency on target 'CardShowProFeature' in project 'CardShowProFeature'
        ➜ Explicit dependency on target 'Supabase' in project 'Supabase'
        ➜ Explicit dependency on target 'RevenueCat' in project 'RevenueCat'
    Target 'CardShowPro' in project 'CardShowPro'
        ➜ Explicit dependency on target 'CardShowProFeature' in project 'CardShowProFeature'
    Target 'CardShowProFeature' in project 'CardShowProFeature'
        ➜ Explicit dependency on target 'CardShowProFeature' in project 'CardShowProFeature'
        ➜ Explicit dependency on target 'Supabase' in project 'Supabase'
        ➜ Explicit dependency on target 'RevenueCat' in project 'RevenueCat'
    Target 'CardShowProFeature' in project 'CardShowProFeature'
        ➜ Explicit dependency on target 'Supabase' in project 'Supabase'
        ➜ Explicit dependency on target 'RevenueCat' in project 'RevenueCat'
    Target 'RevenueCat' in project 'RevenueCat'
        ➜ Explicit dependency on target 'RevenueCat' in project 'RevenueCat'
        ➜ Explicit dependency on target 'RevenueCat_RevenueCat' in project 'RevenueCat'
    Target 'RevenueCat' in project 'RevenueCat'
        ➜ Explicit dependency on target 'RevenueCat_RevenueCat' in project 'RevenueCat'
    Target 'RevenueCat_RevenueCat' in project 'RevenueCat' (no dependencies)
    Target 'Supabase' in project 'Supabase'
        ➜ Explicit dependency on target 'Supabase' in project 'Supabase'
        ➜ Explicit dependency on target 'Functions' in project 'Supabase'
        ➜ Explicit dependency on target 'PostgREST' in project 'Supabase'
        ➜ Explicit dependency on target 'Auth' in project 'Supabase'
        ➜ Explicit dependency on target 'Realtime' in project 'Supabase'
        ➜ Explicit dependency on target 'Storage' in project 'Supabase'
        ➜ Explicit dependency on target '_Helpers' in project 'Supabase'
        ➜ Explicit dependency on target 'ConcurrencyExtras' in project 'swift-concurrency-extras'
        ➜ Explicit dependency on target 'Crypto' in project 'swift-crypto'
        ➜ Explicit dependency on target 'KeychainAccess' in project 'KeychainAccess'
    Target 'Supabase' in project 'Supabase'
        ➜ Explicit dependency on target '_Helpers' in project 'Supabase'
        ➜ Explicit dependency on target 'Auth' in project 'Supabase'
        ➜ Explicit dependency on target 'Storage' in project 'Supabase'
        ➜ Explicit dependency on target 'Realtime' in project 'Supabase'
        ➜ Explicit dependency on target 'PostgREST' in project 'Supabase'
        ➜ Explicit dependency on target 'Functions' in project 'Supabase'
        ➜ Explicit dependency on target 'ConcurrencyExtras' in project 'swift-concurrency-extras'
        ➜ Explicit dependency on target 'Crypto' in project 'swift-crypto'
        ➜ Explicit dependency on target 'KeychainAccess' in project 'KeychainAccess'
    Target 'Functions' in project 'Supabase'
        ➜ Explicit dependency on target '_Helpers' in project 'Supabase'
        ➜ Explicit dependency on target 'ConcurrencyExtras' in project 'swift-concurrency-extras'
    Target 'PostgREST' in project 'Supabase'
        ➜ Explicit dependency on target '_Helpers' in project 'Supabase'
        ➜ Explicit dependency on target 'ConcurrencyExtras' in project 'swift-concurrency-extras'
    Target 'Realtime' in project 'Supabase'
        ➜ Explicit dependency on target '_Helpers' in project 'Supabase'
        ➜ Explicit dependency on target 'ConcurrencyExtras' in project 'swift-concurrency-extras'
    Target 'Storage' in project 'Supabase'
        ➜ Explicit dependency on target '_Helpers' in project 'Supabase'
        ➜ Explicit dependency on target 'ConcurrencyExtras' in project 'swift-concurrency-extras'
    Target 'Auth' in project 'Supabase'
        ➜ Explicit dependency on target '_Helpers' in project 'Supabase'
        ➜ Explicit dependency on target 'ConcurrencyExtras' in project 'swift-concurrency-extras'
        ➜ Explicit dependency on target 'Crypto' in project 'swift-crypto'
        ➜ Explicit dependency on target 'KeychainAccess' in project 'KeychainAccess'
    Target 'KeychainAccess' in project 'KeychainAccess'
        ➜ Explicit dependency on target 'KeychainAccess' in project 'KeychainAccess'
    Target 'KeychainAccess' in project 'KeychainAccess' (no dependencies)
    Target 'Crypto' in project 'swift-crypto'
        ➜ Explicit dependency on target 'Crypto' in project 'swift-crypto'
        ➜ Explicit dependency on target 'swift-crypto_Crypto' in project 'swift-crypto'
    Target 'Crypto' in project 'swift-crypto'
        ➜ Explicit dependency on target 'swift-crypto_Crypto' in project 'swift-crypto'
    Target 'swift-crypto_Crypto' in project 'swift-crypto' (no dependencies)
    Target '_Helpers' in project 'Supabase'
        ➜ Explicit dependency on target 'ConcurrencyExtras' in project 'swift-concurrency-extras'
    Target 'ConcurrencyExtras' in project 'swift-concurrency-extras'
        ➜ Explicit dependency on target 'ConcurrencyExtras' in project 'swift-concurrency-extras'
    Target 'ConcurrencyExtras' in project 'swift-concurrency-extras' (no dependencies)

GatherProvisioningInputs

CreateBuildDescription

ExecuteExternalTool /Applications/Xcode.app/Contents/Developer/Toolchains/XcodeDefault.xctoolchain/usr/bin/swiftc --version

ExecuteExternalTool /Applications/Xcode.app/Contents/Developer/usr/bin/actool --print-asset-tag-combinations --output-format xml1 /Users/preem/Desktop/CardshowPro/CardShowPro/Assets.xcassets

ExecuteExternalTool /Applications/Xcode.app/Contents/Developer/Toolchains/XcodeDefault.xctoolchain/usr/bin/clang -v -E -dM -isysroot /Applications/Xcode.app/Contents/Developer/Platforms/iPhoneSimulator.platform/Developer/SDKs/iPhoneSimulator18.5.sdk -x c -c /dev/null

ExecuteExternalTool /Applications/Xcode.app/Contents/Developer/usr/bin/actool --version --output-format xml1

ExecuteExternalTool /Applications/Xcode.app/Contents/Developer/Toolchains/XcodeDefault.xctoolchain/usr/bin/ld -version_details

ReadFileContents /Applications/Xcode.app/Contents/Developer/Toolchains/XcodeDefault.xctoolchain/usr/share/docc/features.json

Build description signature: 581563b7382950177182e6699eb334d3
Build description path: /Users/preem/Library/Developer/Xcode/DerivedData/CardShowPro-bgihmxnccdiohcgpefyiollaqhqi/Build/Intermediates.noindex/XCBuildData/581563b7382950177182e6699eb334d3.xcbuilddata
ClangStatCache /Applications/Xcode.app/Contents/Developer/Toolchains/XcodeDefault.xctoolchain/usr/bin/clang-stat-cache /Applications/Xcode.app/Contents/Developer/Platforms/iPhoneSimulator.platform/Developer/SDKs/iPhoneSimulator18.5.sdk /Users/preem/Library/Developer/Xcode/DerivedData/SDKStatCaches.noindex/iphonesimulator18.5-22F76-d5fc8ad4295d2ef488fb7d0f804ce0c4.sdkstatcache
    cd /Users/preem/Desktop/CardshowPro
    /Applications/Xcode.app/Contents/Developer/Toolchains/XcodeDefault.xctoolchain/usr/bin/clang-stat-cache /Applications/Xcode.app/Contents/Developer/Platforms/iPhoneSimulator.platform/Developer/SDKs/iPhoneSimulator18.5.sdk -o /Users/preem/Library/Developer/Xcode/DerivedData/SDKStatCaches.noindex/iphonesimulator18.5-22F76-d5fc8ad4295d2ef488fb7d0f804ce0c4.sdkstatcache

ProcessInfoPlistFile /Users/preem/Library/Developer/Xcode/DerivedData/CardShowPro-bgihmxnccdiohcgpefyiollaqhqi/Build/Products/Debug-iphonesimulator/swift-crypto_Crypto.bundle/Info.plist /Users/preem/Library/Developer/Xcode/DerivedData/CardShowPro-bgihmxnccdiohcgpefyiollaqhqi/Build/Intermediates.noindex/swift-crypto.build/Debug-iphonesimulator/swift-crypto_Crypto.build/empty-swift-crypto_Crypto.plist (in target 'swift-crypto_Crypto' from project 'swift-crypto')
    cd /Users/preem/Library/Developer/Xcode/DerivedData/CardShowPro-bgihmxnccdiohcgpefyiollaqhqi/SourcePackages/checkouts/swift-crypto
    builtin-infoPlistUtility /Users/preem/Library/Developer/Xcode/DerivedData/CardShowPro-bgihmxnccdiohcgpefyiollaqhqi/Build/Intermediates.noindex/swift-crypto.build/Debug-iphonesimulator/swift-crypto_Crypto.build/empty-swift-crypto_Crypto.plist -producttype com.apple.product-type.bundle -expandbuildsettings -format binary -platform iphonesimulator -o /Users/preem/Library/Developer/Xcode/DerivedData/CardShowPro-bgihmxnccdiohcgpefyiollaqhqi/Build/Products/Debug-iphonesimulator/swift-crypto_Crypto.bundle/Info.plist

ProcessInfoPlistFile /Users/preem/Library/Developer/Xcode/DerivedData/CardShowPro-bgihmxnccdiohcgpefyiollaqhqi/Build/Products/Debug-iphonesimulator/RevenueCat_RevenueCat.bundle/Info.plist /Users/preem/Library/Developer/Xcode/DerivedData/CardShowPro-bgihmxnccdiohcgpefyiollaqhqi/Build/Intermediates.noindex/RevenueCat.build/Debug-iphonesimulator/RevenueCat_RevenueCat.build/empty-RevenueCat_RevenueCat.plist (in target 'RevenueCat_RevenueCat' from project 'RevenueCat')
    cd /Users/preem/Library/Developer/Xcode/DerivedData/CardShowPro-bgihmxnccdiohcgpefyiollaqhqi/SourcePackages/checkouts/purchases-ios
    builtin-infoPlistUtility /Users/preem/Library/Developer/Xcode/DerivedData/CardShowPro-bgihmxnccdiohcgpefyiollaqhqi/Build/Intermediates.noindex/RevenueCat.build/Debug-iphonesimulator/RevenueCat_RevenueCat.build/empty-RevenueCat_RevenueCat.plist -producttype com.apple.product-type.bundle -expandbuildsettings -format binary -platform iphonesimulator -o /Users/preem/Library/Developer/Xcode/DerivedData/CardShowPro-bgihmxnccdiohcgpefyiollaqhqi/Build/Products/Debug-iphonesimulator/RevenueCat_RevenueCat.bundle/Info.plist

WriteAuxiliaryFile /Users/preem/Library/Developer/Xcode/DerivedData/CardShowPro-bgihmxnccdiohcgpefyiollaqhqi/Build/Intermediates.noindex/CardShowPro.build/Debug-iphonesimulator/CardShowProUITests.build/Objects-normal/arm64/CardShowPro.SwiftFileList (in target 'CardShowProUITests' from project 'CardShowPro')
    cd /Users/preem/Desktop/CardshowPro
    write-file /Users/preem/Library/Developer/Xcode/DerivedData/CardShowPro-bgihmxnccdiohcgpefyiollaqhqi/Build/Intermediates.noindex/CardShowPro.build/Debug-iphonesimulator/CardShowProUITests.build/Objects-normal/arm64/CardShowPro.SwiftFileList

WriteAuxiliaryFile /Users/preem/Library/Developer/Xcode/DerivedData/CardShowPro-bgihmxnccdiohcgpefyiollaqhqi/Build/Intermediates.noindex/CardShowPro.build/Debug-iphonesimulator/CardShowProUITests.build/Objects-normal/arm64/CardShowPro.SwiftConstValuesFileList (in target 'CardShowProUITests' from project 'CardShowPro')
    cd /Users/preem/Desktop/CardshowPro
    write-file /Users/preem/Library/Developer/Xcode/DerivedData/CardShowPro-bgihmxnccdiohcgpefyiollaqhqi/Build/Intermediates.noindex/CardShowPro.build/Debug-iphonesimulator/CardShowProUITests.build/Objects-normal/arm64/CardShowPro.SwiftConstValuesFileList

WriteAuxiliaryFile /Users/preem/Library/Developer/Xcode/DerivedData/CardShowPro-bgihmxnccdiohcgpefyiollaqhqi/Build/Intermediates.noindex/CardShowPro.build/Debug-iphonesimulator/CardShowProUITests.build/Objects-normal/arm64/CardShowPro.LinkFileList (in target 'CardShowProUITests' from project 'CardShowPro')
    cd /Users/preem/Desktop/CardshowPro
    write-file /Users/preem/Library/Developer/Xcode/DerivedData/CardShowPro-bgihmxnccdiohcgpefyiollaqhqi/Build/Intermediates.noindex/CardShowPro.build/Debug-iphonesimulator/CardShowProUITests.build/Objects-normal/arm64/CardShowPro.LinkFileList

ProcessInfoPlistFile /Users/preem/Library/Developer/Xcode/DerivedData/CardShowPro-bgihmxnccdiohcgpefyiollaqhqi/Build/Products/Debug-iphonesimulator/CardShowProFeatureTests.xctest/Info.plist /Users/preem/Library/Developer/Xcode/DerivedData/CardShowPro-bgihmxnccdiohcgpefyiollaqhqi/Build/Intermediates.noindex/CardShowProFeature.build/Debug-iphonesimulator/CardShowProFeatureTests.build/empty-CardShowProFeatureTests.plist (in target 'CardShowProFeatureTests' from project 'CardShowProFeature')
    cd /Users/preem/Desktop/CardshowPro/CardShowProPackage
    builtin-infoPlistUtility /Users/preem/Library/Developer/Xcode/DerivedData/CardShowPro-bgihmxnccdiohcgpefyiollaqhqi/Build/Intermediates.noindex/CardShowProFeature.build/Debug-iphonesimulator/CardShowProFeatureTests.build/empty-CardShowProFeatureTests.plist -producttype com.apple.product-type.bundle.unit-test -expandbuildsettings -format binary -platform iphonesimulator -scanforprivacyfile /Users/preem/Library/Developer/Xcode/DerivedData/CardShowPro-bgihmxnccdiohcgpefyiollaqhqi/Build/Products/Debug-iphonesimulator/CardShowProFeatureTests.xctest/RevenueCat_RevenueCat.bundle -scanforprivacyfile /Users/preem/Library/Developer/Xcode/DerivedData/CardShowPro-bgihmxnccdiohcgpefyiollaqhqi/Build/Products/Debug-iphonesimulator/CardShowProFeatureTests.xctest/swift-crypto_Crypto.bundle -o /Users/preem/Library/Developer/Xcode/DerivedData/CardShowPro-bgihmxnccdiohcgpefyiollaqhqi/Build/Products/Debug-iphonesimulator/CardShowProFeatureTests.xctest/Info.plist

SwiftDriver CardShowProFeatureTests normal arm64 com.apple.xcode.tools.swift.compiler (in target 'CardShowProFeatureTests' from project 'CardShowProFeature')
    cd /Users/preem/Desktop/CardshowPro
    builtin-SwiftDriver -- /Applications/Xcode.app/Contents/Developer/Toolchains/XcodeDefault.xctoolchain/usr/bin/swiftc -module-name CardShowProFeatureTests -Onone -enforce-exclusivity\=checked @/Users/preem/Library/Developer/Xcode/DerivedData/CardShowPro-bgihmxnccdiohcgpefyiollaqhqi/Build/Intermediates.noindex/CardShowProFeature.build/Debug-iphonesimulator/CardShowProFeatureTests.build/Objects-normal/arm64/CardShowProFeatureTests.SwiftFileList -DSWIFT_PACKAGE -DDEBUG -DXcode -plugin-path /Applications/Xcode.app/Contents/Developer/Toolchains/XcodeDefault.xctoolchain/usr/lib/swift/host/plugins/testing -enable-experimental-feature DebugDescriptionMacro -sdk /Applications/Xcode.app/Contents/Developer/Platforms/iPhoneSimulator.platform/Developer/SDKs/iPhoneSimulator18.5.sdk -target arm64-apple-ios17.0-simulator -g -module-cache-path /Users/preem/Library/Developer/Xcode/DerivedData/ModuleCache.noindex -Xfrontend -serialize-debugging-options -profile-coverage-mapping -profile-generate -enable-testing -index-store-path /Users/preem/Library/Developer/Xcode/DerivedData/CardShowPro-bgihmxnccdiohcgpefyiollaqhqi/Index.noindex/DataStore -swift-version 6 -I /Users/preem/Library/Developer/Xcode/DerivedData/CardShowPro-bgihmxnccdiohcgpefyiollaqhqi/Build/Products/Debug-iphonesimulator -I /Applications/Xcode.app/Contents/Developer/Platforms/iPhoneSimulator.platform/Developer/usr/lib -F /Users/preem/Library/Developer/Xcode/DerivedData/CardShowPro-bgihmxnccdiohcgpefyiollaqhqi/Build/Products/Debug-iphonesimulator/PackageFrameworks -F /Users/preem/Library/Developer/Xcode/DerivedData/CardShowPro-bgihmxnccdiohcgpefyiollaqhqi/Build/Products/Debug-iphonesimulator/PackageFrameworks -F /Users/preem/Library/Developer/Xcode/DerivedData/CardShowPro-bgihmxnccdiohcgpefyiollaqhqi/Build/Products/Debug-iphonesimulator/PackageFrameworks -F /Users/preem/Library/Developer/Xcode/DerivedData/CardShowPro-bgihmxnccdiohcgpefyiollaqhqi/Build/Products/Debug-iphonesimulator/PackageFrameworks -F /Users/preem/Library/Developer/Xcode/DerivedData/CardShowPro-bgihmxnccdiohcgpefyiollaqhqi/Build/Products/Debug-iphonesimulator/PackageFrameworks -F /Users/preem/Library/Developer/Xcode/DerivedData/CardShowPro-bgihmxnccdiohcgpefyiollaqhqi/Build/Products/Debug-iphonesimulator/PackageFrameworks -F /Users/preem/Library/Developer/Xcode/DerivedData/CardShowPro-bgihmxnccdiohcgpefyiollaqhqi/Build/Products/Debug-iphonesimulator/PackageFrameworks -F /Users/preem/Library/Developer/Xcode/DerivedData/CardShowPro-bgihmxnccdiohcgpefyiollaqhqi/Build/Products/Debug-iphonesimulator/PackageFrameworks -F /Users/preem/Library/Developer/Xcode/DerivedData/CardShowPro-bgihmxnccdiohcgpefyiollaqhqi/Build/Products/Debug-iphonesimulator/PackageFrameworks -F /Users/preem/Library/Developer/Xcode/DerivedData/CardShowPro-bgihmxnccdiohcgpefyiollaqhqi/Build/Products/Debug-iphonesimulator/PackageFrameworks -F /Users/preem/Library/Developer/Xcode/DerivedData/CardShowPro-bgihmxnccdiohcgpefyiollaqhqi/Build/Products/Debug-iphonesimulator/PackageFrameworks -F /Users/preem/Library/Developer/Xcode/DerivedData/CardShowPro-bgihmxnccdiohcgpefyiollaqhqi/Build/Products/Debug-iphonesimulator/PackageFrameworks -F /Users/preem/Library/Developer/Xcode/DerivedData/CardShowPro-bgihmxnccdiohcgpefyiollaqhqi/Build/Products/Debug-iphonesimulator -F /Applications/Xcode.app/Contents/Developer/Platforms/iPhoneSimulator.platform/Developer/Library/Frameworks -F /Applications/Xcode.app/Contents/Developer/Platforms/iPhoneSimulator.platform/Developer/SDKs/iPhoneSimulator18.5.sdk/Developer/Library/Frameworks -c -j8 -enable-batch-mode -incremental -Xcc -ivfsstatcache -Xcc /Users/preem/Library/Developer/Xcode/DerivedData/SDKStatCaches.noindex/iphonesimulator18.5-22F76-d5fc8ad4295d2ef488fb7d0f804ce0c4.sdkstatcache -output-file-map /Users/preem/Library/Developer/Xcode/DerivedData/CardShowPro-bgihmxnccdiohcgpefyiollaqhqi/Build/Intermediates.noindex/CardShowProFeature.build/Debug-iphonesimulator/CardShowProFeatureTests.build/Objects-normal/arm64/CardShowProFeatureTests-OutputFileMap.json -use-frontend-parseable-output -save-temps -no-color-diagnostics -serialize-diagnostics -emit-dependencies -emit-module -emit-module-path /Users/preem/Library/Developer/Xcode/DerivedData/CardShowPro-bgihmxnccdiohcgpefyiollaqhqi/Build/Intermediates.noindex/CardShowProFeature.build/Debug-iphonesimulator/CardShowProFeatureTests.build/Objects-normal/arm64/CardShowProFeatureTests.swiftmodule -validate-clang-modules-once -clang-build-session-file /Users/preem/Library/Developer/Xcode/DerivedData/ModuleCache.noindex/Session.modulevalidation -package-name cardshowpropackage -emit-const-values -Xfrontend -const-gather-protocols-file -Xfrontend /Users/preem/Library/Developer/Xcode/DerivedData/CardShowPro-bgihmxnccdiohcgpefyiollaqhqi/Build/Intermediates.noindex/CardShowProFeature.build/Debug-iphonesimulator/CardShowProFeatureTests.build/Objects-normal/arm64/CardShowProFeatureTests_const_extract_protocols.json -Xcc -I/Users/preem/Library/Developer/Xcode/DerivedData/CardShowPro-bgihmxnccdiohcgpefyiollaqhqi/Build/Products/Debug-iphonesimulator/include -Xcc -I/Users/preem/Library/Developer/Xcode/DerivedData/CardShowPro-bgihmxnccdiohcgpefyiollaqhqi/Build/Intermediates.noindex/CardShowProFeature.build/Debug-iphonesimulator/CardShowProFeatureTests.build/DerivedSources-normal/arm64 -Xcc -I/Users/preem/Library/Developer/Xcode/DerivedData/CardShowPro-bgihmxnccdiohcgpefyiollaqhqi/Build/Intermediates.noindex/CardShowProFeature.build/Debug-iphonesimulator/CardShowProFeatureTests.build/DerivedSources/arm64 -Xcc -I/Users/preem/Library/Developer/Xcode/DerivedData/CardShowPro-bgihmxnccdiohcgpefyiollaqhqi/Build/Intermediates.noindex/CardShowProFeature.build/Debug-iphonesimulator/CardShowProFeatureTests.build/DerivedSources -Xcc -DSWIFT_PACKAGE -Xcc -DDEBUG\=1 -working-directory /Users/preem/Desktop/CardshowPro -experimental-emit-module-separately -disable-cmo

SwiftDriver CardShowProUITests normal arm64 com.apple.xcode.tools.swift.compiler (in target 'CardShowProUITests' from project 'CardShowPro')
    cd /Users/preem/Desktop/CardshowPro
    builtin-SwiftDriver -- /Applications/Xcode.app/Contents/Developer/Toolchains/XcodeDefault.xctoolchain/usr/bin/swiftc -module-name CardShowProUITests -Onone -enforce-exclusivity\=checked @/Users/preem/Library/Developer/Xcode/DerivedData/CardShowPro-bgihmxnccdiohcgpefyiollaqhqi/Build/Intermediates.noindex/CardShowPro.build/Debug-iphonesimulator/CardShowProUITests.build/Objects-normal/arm64/CardShowPro.SwiftFileList -DDEBUG -module-alias Testing\=_Testing_Unavailable -plugin-path /Applications/Xcode.app/Contents/Developer/Toolchains/XcodeDefault.xctoolchain/usr/lib/swift/host/plugins/testing -enable-bare-slash-regex -enable-experimental-feature DebugDescriptionMacro -sdk /Applications/Xcode.app/Contents/Developer/Platforms/iPhoneSimulator.platform/Developer/SDKs/iPhoneSimulator18.5.sdk -target arm64-apple-ios17.0-simulator -g -module-cache-path /Users/preem/Library/Developer/Xcode/DerivedData/ModuleCache.noindex -Xfrontend -serialize-debugging-options -profile-coverage-mapping -profile-generate -enable-testing -index-store-path /Users/preem/Library/Developer/Xcode/DerivedData/CardShowPro-bgihmxnccdiohcgpefyiollaqhqi/Index.noindex/DataStore -swift-version 5 -I /Users/preem/Library/Developer/Xcode/DerivedData/CardShowPro-bgihmxnccdiohcgpefyiollaqhqi/Build/Products/Debug-iphonesimulator -I /Applications/Xcode.app/Contents/Developer/Platforms/iPhoneSimulator.platform/Developer/usr/lib -F /Users/preem/Library/Developer/Xcode/DerivedData/CardShowPro-bgihmxnccdiohcgpefyiollaqhqi/Build/Products/Debug-iphonesimulator/PackageFrameworks -F /Users/preem/Library/Developer/Xcode/DerivedData/CardShowPro-bgihmxnccdiohcgpefyiollaqhqi/Build/Products/Debug-iphonesimulator/PackageFrameworks -F /Users/preem/Library/Developer/Xcode/DerivedData/CardShowPro-bgihmxnccdiohcgpefyiollaqhqi/Build/Products/Debug-iphonesimulator/PackageFrameworks -F /Users/preem/Library/Developer/Xcode/DerivedData/CardShowPro-bgihmxnccdiohcgpefyiollaqhqi/Build/Products/Debug-iphonesimulator/PackageFrameworks -F /Users/preem/Library/Developer/Xcode/DerivedData/CardShowPro-bgihmxnccdiohcgpefyiollaqhqi/Build/Products/Debug-iphonesimulator/PackageFrameworks -F /Users/preem/Library/Developer/Xcode/DerivedData/CardShowPro-bgihmxnccdiohcgpefyiollaqhqi/Build/Products/Debug-iphonesimulator/PackageFrameworks -F /Users/preem/Library/Developer/Xcode/DerivedData/CardShowPro-bgihmxnccdiohcgpefyiollaqhqi/Build/Products/Debug-iphonesimulator/PackageFrameworks -F /Users/preem/Library/Developer/Xcode/DerivedData/CardShowPro-bgihmxnccdiohcgpefyiollaqhqi/Build/Products/Debug-iphonesimulator/PackageFrameworks -F /Users/preem/Library/Developer/Xcode/DerivedData/CardShowPro-bgihmxnccdiohcgpefyiollaqhqi/Build/Products/Debug-iphonesimulator/PackageFrameworks -F /Users/preem/Library/Developer/Xcode/DerivedData/CardShowPro-bgihmxnccdiohcgpefyiollaqhqi/Build/Products/Debug-iphonesimulator/PackageFrameworks -F /Users/preem/Library/Developer/Xcode/DerivedData/CardShowPro-bgihmxnccdiohcgpefyiollaqhqi/Build/Products/Debug-iphonesimulator/PackageFrameworks -F /Users/preem/Library/Developer/Xcode/DerivedData/CardShowPro-bgihmxnccdiohcgpefyiollaqhqi/Build/Products/Debug-iphonesimulator/PackageFrameworks -F /Users/preem/Library/Developer/Xcode/DerivedData/CardShowPro-bgihmxnccdiohcgpefyiollaqhqi/Build/Products/Debug-iphonesimulator -F /Applications/Xcode.app/Contents/Developer/Platforms/iPhoneSimulator.platform/Developer/Library/Frameworks -F /Applications/Xcode.app/Contents/Developer/Platforms/iPhoneSimulator.platform/Developer/SDKs/iPhoneSimulator18.5.sdk/Developer/Library/Frameworks -c -j8 -enable-batch-mode -incremental -Xcc -ivfsstatcache -Xcc /Users/preem/Library/Developer/Xcode/DerivedData/SDKStatCaches.noindex/iphonesimulator18.5-22F76-d5fc8ad4295d2ef488fb7d0f804ce0c4.sdkstatcache -output-file-map /Users/preem/Library/Developer/Xcode/DerivedData/CardShowPro-bgihmxnccdiohcgpefyiollaqhqi/Build/Intermediates.noindex/CardShowPro.build/Debug-iphonesimulator/CardShowProUITests.build/Objects-normal/arm64/CardShowProUITests-OutputFileMap.json -use-frontend-parseable-output -save-temps -no-color-diagnostics -serialize-diagnostics -emit-dependencies -emit-module -emit-module-path /Users/preem/Library/Developer/Xcode/DerivedData/CardShowPro-bgihmxnccdiohcgpefyiollaqhqi/Build/Intermediates.noindex/CardShowPro.build/Debug-iphonesimulator/CardShowProUITests.build/Objects-normal/arm64/CardShowProUITests.swiftmodule -validate-clang-modules-once -clang-build-session-file /Users/preem/Library/Developer/Xcode/DerivedData/ModuleCache.noindex/Session.modulevalidation -Xcc -I/Users/preem/Library/Developer/Xcode/DerivedData/CardShowPro-bgihmxnccdiohcgpefyiollaqhqi/Build/Intermediates.noindex/CardShowPro.build/Debug-iphonesimulator/CardShowProUITests.build/swift-overrides.hmap -emit-const-values -Xfrontend -const-gather-protocols-file -Xfrontend /Users/preem/Library/Developer/Xcode/DerivedData/CardShowPro-bgihmxnccdiohcgpefyiollaqhqi/Build/Intermediates.noindex/CardShowPro.build/Debug-iphonesimulator/CardShowProUITests.build/Objects-normal/arm64/CardShowProUITests_const_extract_protocols.json -Xcc -iquote -Xcc /Users/preem/Library/Developer/Xcode/DerivedData/CardShowPro-bgihmxnccdiohcgpefyiollaqhqi/Build/Intermediates.noindex/CardShowPro.build/Debug-iphonesimulator/CardShowProUITests.build/CardShowPro-generated-files.hmap -Xcc -I/Users/preem/Library/Developer/Xcode/DerivedData/CardShowPro-bgihmxnccdiohcgpefyiollaqhqi/Build/Intermediates.noindex/CardShowPro.build/Debug-iphonesimulator/CardShowProUITests.build/CardShowPro-own-target-headers.hmap -Xcc -I/Users/preem/Library/Developer/Xcode/DerivedData/CardShowPro-bgihmxnccdiohcgpefyiollaqhqi/Build/Intermediates.noindex/CardShowPro.build/Debug-iphonesimulator/CardShowProUITests.build/CardShowPro-all-non-framework-target-headers.hmap -Xcc -ivfsoverlay -Xcc /Users/preem/Library/Developer/Xcode/DerivedData/CardShowPro-bgihmxnccdiohcgpefyiollaqhqi/Build/Intermediates.noindex/CardShowPro.build/Debug-iphonesimulator/CardShowPro-0361464a322cabf5e2e3c82be90f5896-VFS-iphonesimulator/all-product-headers.yaml -Xcc -iquote -Xcc /Users/preem/Library/Developer/Xcode/DerivedData/CardShowPro-bgihmxnccdiohcgpefyiollaqhqi/Build/Intermediates.noindex/CardShowPro.build/Debug-iphonesimulator/CardShowProUITests.build/CardShowPro-project-headers.hmap -Xcc -I/Users/preem/Library/Developer/Xcode/DerivedData/CardShowPro-bgihmxnccdiohcgpefyiollaqhqi/Build/Products/Debug-iphonesimulator/include -Xcc -I/Users/preem/Library/Developer/Xcode/DerivedData/CardShowPro-bgihmxnccdiohcgpefyiollaqhqi/Build/Intermediates.noindex/CardShowPro.build/Debug-iphonesimulator/CardShowProUITests.build/DerivedSources-normal/arm64 -Xcc -I/Users/preem/Library/Developer/Xcode/DerivedData/CardShowPro-bgihmxnccdiohcgpefyiollaqhqi/Build/Intermediates.noindex/CardShowPro.build/Debug-iphonesimulator/CardShowProUITests.build/DerivedSources/arm64 -Xcc -I/Users/preem/Library/Developer/Xcode/DerivedData/CardShowPro-bgihmxnccdiohcgpefyiollaqhqi/Build/Intermediates.noindex/CardShowPro.build/Debug-iphonesimulator/CardShowProUITests.build/DerivedSources -Xcc -DDEBUG\=1 -emit-objc-header -emit-objc-header-path /Users/preem/Library/Developer/Xcode/DerivedData/CardShowPro-bgihmxnccdiohcgpefyiollaqhqi/Build/Intermediates.noindex/CardShowPro.build/Debug-iphonesimulator/CardShowProUITests.build/Objects-normal/arm64/CardShowProUITests-Swift.h -working-directory /Users/preem/Desktop/CardshowPro -experimental-emit-module-separately -disable-cmo

ProcessInfoPlistFile /Users/preem/Library/Developer/Xcode/DerivedData/CardShowPro-bgihmxnccdiohcgpefyiollaqhqi/Build/Products/Debug-iphonesimulator/CardShowPro.app/Info.plist /Users/preem/Library/Developer/Xcode/DerivedData/CardShowPro-bgihmxnccdiohcgpefyiollaqhqi/Build/Intermediates.noindex/CardShowPro.build/Debug-iphonesimulator/CardShowPro.build/empty-CardShowPro.plist (in target 'CardShowPro' from project 'CardShowPro')
    cd /Users/preem/Desktop/CardshowPro
    builtin-infoPlistUtility /Users/preem/Library/Developer/Xcode/DerivedData/CardShowPro-bgihmxnccdiohcgpefyiollaqhqi/Build/Intermediates.noindex/CardShowPro.build/Debug-iphonesimulator/CardShowPro.build/empty-CardShowPro.plist -producttype com.apple.product-type.application -genpkginfo /Users/preem/Library/Developer/Xcode/DerivedData/CardShowPro-bgihmxnccdiohcgpefyiollaqhqi/Build/Products/Debug-iphonesimulator/CardShowPro.app/PkgInfo -expandbuildsettings -format binary -platform iphonesimulator -additionalcontentfile /Users/preem/Library/Developer/Xcode/DerivedData/CardShowPro-bgihmxnccdiohcgpefyiollaqhqi/Build/Intermediates.noindex/CardShowPro.build/Debug-iphonesimulator/CardShowPro.build/assetcatalog_generated_info.plist -scanforprivacyfile /Users/preem/Library/Developer/Xcode/DerivedData/CardShowPro-bgihmxnccdiohcgpefyiollaqhqi/Build/Products/Debug-iphonesimulator/CardShowPro.app/RevenueCat_RevenueCat.bundle -scanforprivacyfile /Users/preem/Library/Developer/Xcode/DerivedData/CardShowPro-bgihmxnccdiohcgpefyiollaqhqi/Build/Products/Debug-iphonesimulator/CardShowPro.app/swift-crypto_Crypto.bundle -o /Users/preem/Library/Developer/Xcode/DerivedData/CardShowPro-bgihmxnccdiohcgpefyiollaqhqi/Build/Products/Debug-iphonesimulator/CardShowPro.app/Info.plist

ProcessInfoPlistFile /Users/preem/Library/Developer/Xcode/DerivedData/CardShowPro-bgihmxnccdiohcgpefyiollaqhqi/Build/Products/Debug-iphonesimulator/CardShowPro-Runner.app/PlugIns/CardShowPro.xctest/Info.plist /Users/preem/Library/Developer/Xcode/DerivedData/CardShowPro-bgihmxnccdiohcgpefyiollaqhqi/Build/Intermediates.noindex/CardShowPro.build/Debug-iphonesimulator/CardShowProUITests.build/empty-CardShowPro.plist (in target 'CardShowProUITests' from project 'CardShowPro')
    cd /Users/preem/Desktop/CardshowPro
    builtin-infoPlistUtility /Users/preem/Library/Developer/Xcode/DerivedData/CardShowPro-bgihmxnccdiohcgpefyiollaqhqi/Build/Intermediates.noindex/CardShowPro.build/Debug-iphonesimulator/CardShowProUITests.build/empty-CardShowPro.plist -producttype com.apple.product-type.bundle.ui-testing -expandbuildsettings -format binary -platform iphonesimulator -additionalcontentfile /Users/preem/Library/Developer/Xcode/DerivedData/CardShowPro-bgihmxnccdiohcgpefyiollaqhqi/Build/Intermediates.noindex/CardShowPro.build/Debug-iphonesimulator/CardShowProUITests.build/ProductTypeInfoPlistAdditions.plist -scanforprivacyfile /Users/preem/Library/Developer/Xcode/DerivedData/CardShowPro-bgihmxnccdiohcgpefyiollaqhqi/Build/Products/Debug-iphonesimulator/CardShowPro-Runner.app/PlugIns/CardShowPro.xctest/RevenueCat_RevenueCat.bundle -scanforprivacyfile /Users/preem/Library/Developer/Xcode/DerivedData/CardShowPro-bgihmxnccdiohcgpefyiollaqhqi/Build/Products/Debug-iphonesimulator/CardShowPro-Runner.app/PlugIns/CardShowPro.xctest/swift-crypto_Crypto.bundle -o /Users/preem/Library/Developer/Xcode/DerivedData/CardShowPro-bgihmxnccdiohcgpefyiollaqhqi/Build/Products/Debug-iphonesimulator/CardShowPro-Runner.app/PlugIns/CardShowPro.xctest/Info.plist

SwiftDriver\ Compilation\ Requirements CardShowProUITests normal arm64 com.apple.xcode.tools.swift.compiler (in target 'CardShowProUITests' from project 'CardShowPro')
    cd /Users/preem/Desktop/CardshowPro
    builtin-Swift-Compilation-Requirements -- /Applications/Xcode.app/Contents/Developer/Toolchains/XcodeDefault.xctoolchain/usr/bin/swiftc -module-name CardShowProUITests -Onone -enforce-exclusivity\=checked @/Users/preem/Library/Developer/Xcode/DerivedData/CardShowPro-bgihmxnccdiohcgpefyiollaqhqi/Build/Intermediates.noindex/CardShowPro.build/Debug-iphonesimulator/CardShowProUITests.build/Objects-normal/arm64/CardShowPro.SwiftFileList -DDEBUG -module-alias Testing\=_Testing_Unavailable -plugin-path /Applications/Xcode.app/Contents/Developer/Toolchains/XcodeDefault.xctoolchain/usr/lib/swift/host/plugins/testing -enable-bare-slash-regex -enable-experimental-feature DebugDescriptionMacro -sdk /Applications/Xcode.app/Contents/Developer/Platforms/iPhoneSimulator.platform/Developer/SDKs/iPhoneSimulator18.5.sdk -target arm64-apple-ios17.0-simulator -g -module-cache-path /Users/preem/Library/Developer/Xcode/DerivedData/ModuleCache.noindex -Xfrontend -serialize-debugging-options -profile-coverage-mapping -profile-generate -enable-testing -index-store-path /Users/preem/Library/Developer/Xcode/DerivedData/CardShowPro-bgihmxnccdiohcgpefyiollaqhqi/Index.noindex/DataStore -swift-version 5 -I /Users/preem/Library/Developer/Xcode/DerivedData/CardShowPro-bgihmxnccdiohcgpefyiollaqhqi/Build/Products/Debug-iphonesimulator -I /Applications/Xcode.app/Contents/Developer/Platforms/iPhoneSimulator.platform/Developer/usr/lib -F /Users/preem/Library/Developer/Xcode/DerivedData/CardShowPro-bgihmxnccdiohcgpefyiollaqhqi/Build/Products/Debug-iphonesimulator/PackageFrameworks -F /Users/preem/Library/Developer/Xcode/DerivedData/CardShowPro-bgihmxnccdiohcgpefyiollaqhqi/Build/Products/Debug-iphonesimulator/PackageFrameworks -F /Users/preem/Library/Developer/Xcode/DerivedData/CardShowPro-bgihmxnccdiohcgpefyiollaqhqi/Build/Products/Debug-iphonesimulator/PackageFrameworks -F /Users/preem/Library/Developer/Xcode/DerivedData/CardShowPro-bgihmxnccdiohcgpefyiollaqhqi/Build/Products/Debug-iphonesimulator/PackageFrameworks -F /Users/preem/Library/Developer/Xcode/DerivedData/CardShowPro-bgihmxnccdiohcgpefyiollaqhqi/Build/Products/Debug-iphonesimulator/PackageFrameworks -F /Users/preem/Library/Developer/Xcode/DerivedData/CardShowPro-bgihmxnccdiohcgpefyiollaqhqi/Build/Products/Debug-iphonesimulator/PackageFrameworks -F /Users/preem/Library/Developer/Xcode/DerivedData/CardShowPro-bgihmxnccdiohcgpefyiollaqhqi/Build/Products/Debug-iphonesimulator/PackageFrameworks -F /Users/preem/Library/Developer/Xcode/DerivedData/CardShowPro-bgihmxnccdiohcgpefyiollaqhqi/Build/Products/Debug-iphonesimulator/PackageFrameworks -F /Users/preem/Library/Developer/Xcode/DerivedData/CardShowPro-bgihmxnccdiohcgpefyiollaqhqi/Build/Products/Debug-iphonesimulator/PackageFrameworks -F /Users/preem/Library/Developer/Xcode/DerivedData/CardShowPro-bgihmxnccdiohcgpefyiollaqhqi/Build/Products/Debug-iphonesimulator/PackageFrameworks -F /Users/preem/Library/Developer/Xcode/DerivedData/CardShowPro-bgihmxnccdiohcgpefyiollaqhqi/Build/Products/Debug-iphonesimulator/PackageFrameworks -F /Users/preem/Library/Developer/Xcode/DerivedData/CardShowPro-bgihmxnccdiohcgpefyiollaqhqi/Build/Products/Debug-iphonesimulator/PackageFrameworks -F /Users/preem/Library/Developer/Xcode/DerivedData/CardShowPro-bgihmxnccdiohcgpefyiollaqhqi/Build/Products/Debug-iphonesimulator -F /Applications/Xcode.app/Contents/Developer/Platforms/iPhoneSimulator.platform/Developer/Library/Frameworks -F /Applications/Xcode.app/Contents/Developer/Platforms/iPhoneSimulator.platform/Developer/SDKs/iPhoneSimulator18.5.sdk/Developer/Library/Frameworks -c -j8 -enable-batch-mode -incremental -Xcc -ivfsstatcache -Xcc /Users/preem/Library/Developer/Xcode/DerivedData/SDKStatCaches.noindex/iphonesimulator18.5-22F76-d5fc8ad4295d2ef488fb7d0f804ce0c4.sdkstatcache -output-file-map /Users/preem/Library/Developer/Xcode/DerivedData/CardShowPro-bgihmxnccdiohcgpefyiollaqhqi/Build/Intermediates.noindex/CardShowPro.build/Debug-iphonesimulator/CardShowProUITests.build/Objects-normal/arm64/CardShowProUITests-OutputFileMap.json -use-frontend-parseable-output -save-temps -no-color-diagnostics -serialize-diagnostics -emit-dependencies -emit-module -emit-module-path /Users/preem/Library/Developer/Xcode/DerivedData/CardShowPro-bgihmxnccdiohcgpefyiollaqhqi/Build/Intermediates.noindex/CardShowPro.build/Debug-iphonesimulator/CardShowProUITests.build/Objects-normal/arm64/CardShowProUITests.swiftmodule -validate-clang-modules-once -clang-build-session-file /Users/preem/Library/Developer/Xcode/DerivedData/ModuleCache.noindex/Session.modulevalidation -Xcc -I/Users/preem/Library/Developer/Xcode/DerivedData/CardShowPro-bgihmxnccdiohcgpefyiollaqhqi/Build/Intermediates.noindex/CardShowPro.build/Debug-iphonesimulator/CardShowProUITests.build/swift-overrides.hmap -emit-const-values -Xfrontend -const-gather-protocols-file -Xfrontend /Users/preem/Library/Developer/Xcode/DerivedData/CardShowPro-bgihmxnccdiohcgpefyiollaqhqi/Build/Intermediates.noindex/CardShowPro.build/Debug-iphonesimulator/CardShowProUITests.build/Objects-normal/arm64/CardShowProUITests_const_extract_protocols.json -Xcc -iquote -Xcc /Users/preem/Library/Developer/Xcode/DerivedData/CardShowPro-bgihmxnccdiohcgpefyiollaqhqi/Build/Intermediates.noindex/CardShowPro.build/Debug-iphonesimulator/CardShowProUITests.build/CardShowPro-generated-files.hmap -Xcc -I/Users/preem/Library/Developer/Xcode/DerivedData/CardShowPro-bgihmxnccdiohcgpefyiollaqhqi/Build/Intermediates.noindex/CardShowPro.build/Debug-iphonesimulator/CardShowProUITests.build/CardShowPro-own-target-headers.hmap -Xcc -I/Users/preem/Library/Developer/Xcode/DerivedData/CardShowPro-bgihmxnccdiohcgpefyiollaqhqi/Build/Intermediates.noindex/CardShowPro.build/Debug-iphonesimulator/CardShowProUITests.build/CardShowPro-all-non-framework-target-headers.hmap -Xcc -ivfsoverlay -Xcc /Users/preem/Library/Developer/Xcode/DerivedData/CardShowPro-bgihmxnccdiohcgpefyiollaqhqi/Build/Intermediates.noindex/CardShowPro.build/Debug-iphonesimulator/CardShowPro-0361464a322cabf5e2e3c82be90f5896-VFS-iphonesimulator/all-product-headers.yaml -Xcc -iquote -Xcc /Users/preem/Library/Developer/Xcode/DerivedData/CardShowPro-bgihmxnccdiohcgpefyiollaqhqi/Build/Intermediates.noindex/CardShowPro.build/Debug-iphonesimulator/CardShowProUITests.build/CardShowPro-project-headers.hmap -Xcc -I/Users/preem/Library/Developer/Xcode/DerivedData/CardShowPro-bgihmxnccdiohcgpefyiollaqhqi/Build/Products/Debug-iphonesimulator/include -Xcc -I/Users/preem/Library/Developer/Xcode/DerivedData/CardShowPro-bgihmxnccdiohcgpefyiollaqhqi/Build/Intermediates.noindex/CardShowPro.build/Debug-iphonesimulator/CardShowProUITests.build/DerivedSources-normal/arm64 -Xcc -I/Users/preem/Library/Developer/Xcode/DerivedData/CardShowPro-bgihmxnccdiohcgpefyiollaqhqi/Build/Intermediates.noindex/CardShowPro.build/Debug-iphonesimulator/CardShowProUITests.build/DerivedSources/arm64 -Xcc -I/Users/preem/Library/Developer/Xcode/DerivedData/CardShowPro-bgihmxnccdiohcgpefyiollaqhqi/Build/Intermediates.noindex/CardShowPro.build/Debug-iphonesimulator/CardShowProUITests.build/DerivedSources -Xcc -DDEBUG\=1 -emit-objc-header -emit-objc-header-path /Users/preem/Library/Developer/Xcode/DerivedData/CardShowPro-bgihmxnccdiohcgpefyiollaqhqi/Build/Intermediates.noindex/CardShowPro.build/Debug-iphonesimulator/CardShowProUITests.build/Objects-normal/arm64/CardShowProUITests-Swift.h -working-directory /Users/preem/Desktop/CardshowPro -experimental-emit-module-separately -disable-cmo

SwiftDriver\ Compilation CardShowProUITests normal arm64 com.apple.xcode.tools.swift.compiler (in target 'CardShowProUITests' from project 'CardShowPro')
    cd /Users/preem/Desktop/CardshowPro
    builtin-Swift-Compilation -- /Applications/Xcode.app/Contents/Developer/Toolchains/XcodeDefault.xctoolchain/usr/bin/swiftc -module-name CardShowProUITests -Onone -enforce-exclusivity\=checked @/Users/preem/Library/Developer/Xcode/DerivedData/CardShowPro-bgihmxnccdiohcgpefyiollaqhqi/Build/Intermediates.noindex/CardShowPro.build/Debug-iphonesimulator/CardShowProUITests.build/Objects-normal/arm64/CardShowPro.SwiftFileList -DDEBUG -module-alias Testing\=_Testing_Unavailable -plugin-path /Applications/Xcode.app/Contents/Developer/Toolchains/XcodeDefault.xctoolchain/usr/lib/swift/host/plugins/testing -enable-bare-slash-regex -enable-experimental-feature DebugDescriptionMacro -sdk /Applications/Xcode.app/Contents/Developer/Platforms/iPhoneSimulator.platform/Developer/SDKs/iPhoneSimulator18.5.sdk -target arm64-apple-ios17.0-simulator -g -module-cache-path /Users/preem/Library/Developer/Xcode/DerivedData/ModuleCache.noindex -Xfrontend -serialize-debugging-options -profile-coverage-mapping -profile-generate -enable-testing -index-store-path /Users/preem/Library/Developer/Xcode/DerivedData/CardShowPro-bgihmxnccdiohcgpefyiollaqhqi/Index.noindex/DataStore -swift-version 5 -I /Users/preem/Library/Developer/Xcode/DerivedData/CardShowPro-bgihmxnccdiohcgpefyiollaqhqi/Build/Products/Debug-iphonesimulator -I /Applications/Xcode.app/Contents/Developer/Platforms/iPhoneSimulator.platform/Developer/usr/lib -F /Users/preem/Library/Developer/Xcode/DerivedData/CardShowPro-bgihmxnccdiohcgpefyiollaqhqi/Build/Products/Debug-iphonesimulator/PackageFrameworks -F /Users/preem/Library/Developer/Xcode/DerivedData/CardShowPro-bgihmxnccdiohcgpefyiollaqhqi/Build/Products/Debug-iphonesimulator/PackageFrameworks -F /Users/preem/Library/Developer/Xcode/DerivedData/CardShowPro-bgihmxnccdiohcgpefyiollaqhqi/Build/Products/Debug-iphonesimulator/PackageFrameworks -F /Users/preem/Library/Developer/Xcode/DerivedData/CardShowPro-bgihmxnccdiohcgpefyiollaqhqi/Build/Products/Debug-iphonesimulator/PackageFrameworks -F /Users/preem/Library/Developer/Xcode/DerivedData/CardShowPro-bgihmxnccdiohcgpefyiollaqhqi/Build/Products/Debug-iphonesimulator/PackageFrameworks -F /Users/preem/Library/Developer/Xcode/DerivedData/CardShowPro-bgihmxnccdiohcgpefyiollaqhqi/Build/Products/Debug-iphonesimulator/PackageFrameworks -F /Users/preem/Library/Developer/Xcode/DerivedData/CardShowPro-bgihmxnccdiohcgpefyiollaqhqi/Build/Products/Debug-iphonesimulator/PackageFrameworks -F /Users/preem/Library/Developer/Xcode/DerivedData/CardShowPro-bgihmxnccdiohcgpefyiollaqhqi/Build/Products/Debug-iphonesimulator/PackageFrameworks -F /Users/preem/Library/Developer/Xcode/DerivedData/CardShowPro-bgihmxnccdiohcgpefyiollaqhqi/Build/Products/Debug-iphonesimulator/PackageFrameworks -F /Users/preem/Library/Developer/Xcode/DerivedData/CardShowPro-bgihmxnccdiohcgpefyiollaqhqi/Build/Products/Debug-iphonesimulator/PackageFrameworks -F /Users/preem/Library/Developer/Xcode/DerivedData/CardShowPro-bgihmxnccdiohcgpefyiollaqhqi/Build/Products/Debug-iphonesimulator/PackageFrameworks -F /Users/preem/Library/Developer/Xcode/DerivedData/CardShowPro-bgihmxnccdiohcgpefyiollaqhqi/Build/Products/Debug-iphonesimulator/PackageFrameworks -F /Users/preem/Library/Developer/Xcode/DerivedData/CardShowPro-bgihmxnccdiohcgpefyiollaqhqi/Build/Products/Debug-iphonesimulator -F /Applications/Xcode.app/Contents/Developer/Platforms/iPhoneSimulator.platform/Developer/Library/Frameworks -F /Applications/Xcode.app/Contents/Developer/Platforms/iPhoneSimulator.platform/Developer/SDKs/iPhoneSimulator18.5.sdk/Developer/Library/Frameworks -c -j8 -enable-batch-mode -incremental -Xcc -ivfsstatcache -Xcc /Users/preem/Library/Developer/Xcode/DerivedData/SDKStatCaches.noindex/iphonesimulator18.5-22F76-d5fc8ad4295d2ef488fb7d0f804ce0c4.sdkstatcache -output-file-map /Users/preem/Library/Developer/Xcode/DerivedData/CardShowPro-bgihmxnccdiohcgpefyiollaqhqi/Build/Intermediates.noindex/CardShowPro.build/Debug-iphonesimulator/CardShowProUITests.build/Objects-normal/arm64/CardShowProUITests-OutputFileMap.json -use-frontend-parseable-output -save-temps -no-color-diagnostics -serialize-diagnostics -emit-dependencies -emit-module -emit-module-path /Users/preem/Library/Developer/Xcode/DerivedData/CardShowPro-bgihmxnccdiohcgpefyiollaqhqi/Build/Intermediates.noindex/CardShowPro.build/Debug-iphonesimulator/CardShowProUITests.build/Objects-normal/arm64/CardShowProUITests.swiftmodule -validate-clang-modules-once -clang-build-session-file /Users/preem/Library/Developer/Xcode/DerivedData/ModuleCache.noindex/Session.modulevalidation -Xcc -I/Users/preem/Library/Developer/Xcode/DerivedData/CardShowPro-bgihmxnccdiohcgpefyiollaqhqi/Build/Intermediates.noindex/CardShowPro.build/Debug-iphonesimulator/CardShowProUITests.build/swift-overrides.hmap -emit-const-values -Xfrontend -const-gather-protocols-file -Xfrontend /Users/preem/Library/Developer/Xcode/DerivedData/CardShowPro-bgihmxnccdiohcgpefyiollaqhqi/Build/Intermediates.noindex/CardShowPro.build/Debug-iphonesimulator/CardShowProUITests.build/Objects-normal/arm64/CardShowProUITests_const_extract_protocols.json -Xcc -iquote -Xcc /Users/preem/Library/Developer/Xcode/DerivedData/CardShowPro-bgihmxnccdiohcgpefyiollaqhqi/Build/Intermediates.noindex/CardShowPro.build/Debug-iphonesimulator/CardShowProUITests.build/CardShowPro-generated-files.hmap -Xcc -I/Users/preem/Library/Developer/Xcode/DerivedData/CardShowPro-bgihmxnccdiohcgpefyiollaqhqi/Build/Intermediates.noindex/CardShowPro.build/Debug-iphonesimulator/CardShowProUITests.build/CardShowPro-own-target-headers.hmap -Xcc -I/Users/preem/Library/Developer/Xcode/DerivedData/CardShowPro-bgihmxnccdiohcgpefyiollaqhqi/Build/Intermediates.noindex/CardShowPro.build/Debug-iphonesimulator/CardShowProUITests.build/CardShowPro-all-non-framework-target-headers.hmap -Xcc -ivfsoverlay -Xcc /Users/preem/Library/Developer/Xcode/DerivedData/CardShowPro-bgihmxnccdiohcgpefyiollaqhqi/Build/Intermediates.noindex/CardShowPro.build/Debug-iphonesimulator/CardShowPro-0361464a322cabf5e2e3c82be90f5896-VFS-iphonesimulator/all-product-headers.yaml -Xcc -iquote -Xcc /Users/preem/Library/Developer/Xcode/DerivedData/CardShowPro-bgihmxnccdiohcgpefyiollaqhqi/Build/Intermediates.noindex/CardShowPro.build/Debug-iphonesimulator/CardShowProUITests.build/CardShowPro-project-headers.hmap -Xcc -I/Users/preem/Library/Developer/Xcode/DerivedData/CardShowPro-bgihmxnccdiohcgpefyiollaqhqi/Build/Products/Debug-iphonesimulator/include -Xcc -I/Users/preem/Library/Developer/Xcode/DerivedData/CardShowPro-bgihmxnccdiohcgpefyiollaqhqi/Build/Intermediates.noindex/CardShowPro.build/Debug-iphonesimulator/CardShowProUITests.build/DerivedSources-normal/arm64 -Xcc -I/Users/preem/Library/Developer/Xcode/DerivedData/CardShowPro-bgihmxnccdiohcgpefyiollaqhqi/Build/Intermediates.noindex/CardShowPro.build/Debug-iphonesimulator/CardShowProUITests.build/DerivedSources/arm64 -Xcc -I/Users/preem/Library/Developer/Xcode/DerivedData/CardShowPro-bgihmxnccdiohcgpefyiollaqhqi/Build/Intermediates.noindex/CardShowPro.build/Debug-iphonesimulator/CardShowProUITests.build/DerivedSources -Xcc -DDEBUG\=1 -emit-objc-header -emit-objc-header-path /Users/preem/Library/Developer/Xcode/DerivedData/CardShowPro-bgihmxnccdiohcgpefyiollaqhqi/Build/Intermediates.noindex/CardShowPro.build/Debug-iphonesimulator/CardShowProUITests.build/Objects-normal/arm64/CardShowProUITests-Swift.h -working-directory /Users/preem/Desktop/CardshowPro -experimental-emit-module-separately -disable-cmo

Ld /Users/preem/Library/Developer/Xcode/DerivedData/CardShowPro-bgihmxnccdiohcgpefyiollaqhqi/Build/Products/Debug-iphonesimulator/CardShowPro-Runner.app/PlugIns/CardShowPro.xctest/CardShowPro normal (in target 'CardShowProUITests' from project 'CardShowPro')
    cd /Users/preem/Desktop/CardshowPro
    /Applications/Xcode.app/Contents/Developer/Toolchains/XcodeDefault.xctoolchain/usr/bin/clang -Xlinker -reproducible -target arm64-apple-ios17.0-simulator -bundle -isysroot /Applications/Xcode.app/Contents/Developer/Platforms/iPhoneSimulator.platform/Developer/SDKs/iPhoneSimulator18.5.sdk -O0 -L/Users/preem/Library/Developer/Xcode/DerivedData/CardShowPro-bgihmxnccdiohcgpefyiollaqhqi/Build/Intermediates.noindex/EagerLinkingTBDs/Debug-iphonesimulator -L/Users/preem/Library/Developer/Xcode/DerivedData/CardShowPro-bgihmxnccdiohcgpefyiollaqhqi/Build/Products/Debug-iphonesimulator -L/Applications/Xcode.app/Contents/Developer/Platforms/iPhoneSimulator.platform/Developer/usr/lib -F/Users/preem/Library/Developer/Xcode/DerivedData/CardShowPro-bgihmxnccdiohcgpefyiollaqhqi/Build/Intermediates.noindex/EagerLinkingTBDs/Debug-iphonesimulator -F/Users/preem/Library/Developer/Xcode/DerivedData/CardShowPro-bgihmxnccdiohcgpefyiollaqhqi/Build/Products/Debug-iphonesimulator/PackageFrameworks -F/Users/preem/Library/Developer/Xcode/DerivedData/CardShowPro-bgihmxnccdiohcgpefyiollaqhqi/Build/Products/Debug-iphonesimulator/PackageFrameworks -F/Users/preem/Library/Developer/Xcode/DerivedData/CardShowPro-bgihmxnccdiohcgpefyiollaqhqi/Build/Products/Debug-iphonesimulator/PackageFrameworks -F/Users/preem/Library/Developer/Xcode/DerivedData/CardShowPro-bgihmxnccdiohcgpefyiollaqhqi/Build/Products/Debug-iphonesimulator/PackageFrameworks -F/Users/preem/Library/Developer/Xcode/DerivedData/CardShowPro-bgihmxnccdiohcgpefyiollaqhqi/Build/Products/Debug-iphonesimulator/PackageFrameworks -F/Users/preem/Library/Developer/Xcode/DerivedData/CardShowPro-bgihmxnccdiohcgpefyiollaqhqi/Build/Products/Debug-iphonesimulator/PackageFrameworks -F/Users/preem/Library/Developer/Xcode/DerivedData/CardShowPro-bgihmxnccdiohcgpefyiollaqhqi/Build/Products/Debug-iphonesimulator/PackageFrameworks -F/Users/preem/Library/Developer/Xcode/DerivedData/CardShowPro-bgihmxnccdiohcgpefyiollaqhqi/Build/Products/Debug-iphonesimulator/PackageFrameworks -F/Users/preem/Library/Developer/Xcode/DerivedData/CardShowPro-bgihmxnccdiohcgpefyiollaqhqi/Build/Products/Debug-iphonesimulator/PackageFrameworks -F/Users/preem/Library/Developer/Xcode/DerivedData/CardShowPro-bgihmxnccdiohcgpefyiollaqhqi/Build/Products/Debug-iphonesimulator/PackageFrameworks -F/Users/preem/Library/Developer/Xcode/DerivedData/CardShowPro-bgihmxnccdiohcgpefyiollaqhqi/Build/Products/Debug-iphonesimulator/PackageFrameworks -F/Users/preem/Library/Developer/Xcode/DerivedData/CardShowPro-bgihmxnccdiohcgpefyiollaqhqi/Build/Products/Debug-iphonesimulator/PackageFrameworks -F/Users/preem/Library/Developer/Xcode/DerivedData/CardShowPro-bgihmxnccdiohcgpefyiollaqhqi/Build/Products/Debug-iphonesimulator -iframework /Applications/Xcode.app/Contents/Developer/Platforms/iPhoneSimulator.platform/Developer/Library/Frameworks -iframework /Applications/Xcode.app/Contents/Developer/Platforms/iPhoneSimulator.platform/Developer/SDKs/iPhoneSimulator18.5.sdk/Developer/Library/Frameworks -filelist /Users/preem/Library/Developer/Xcode/DerivedData/CardShowPro-bgihmxnccdiohcgpefyiollaqhqi/Build/Intermediates.noindex/CardShowPro.build/Debug-iphonesimulator/CardShowProUITests.build/Objects-normal/arm64/CardShowPro.LinkFileList -Xlinker -rpath -Xlinker /Users/preem/Library/Developer/Xcode/DerivedData/CardShowPro-bgihmxnccdiohcgpefyiollaqhqi/Build/Products/Debug-iphonesimulator/PackageFrameworks -Xlinker -rpath -Xlinker @loader_path/Frameworks -dead_strip -Xlinker -object_path_lto -Xlinker /Users/preem/Library/Developer/Xcode/DerivedData/CardShowPro-bgihmxnccdiohcgpefyiollaqhqi/Build/Intermediates.noindex/CardShowPro.build/Debug-iphonesimulator/CardShowProUITests.build/Objects-normal/arm64/CardShowPro_lto.o -rdynamic -Xlinker -no_deduplicate -Xlinker -objc_abi_version -Xlinker 2 -Xlinker -debug_variant -Xlinker -dependency_info -Xlinker /Users/preem/Library/Developer/Xcode/DerivedData/CardShowPro-bgihmxnccdiohcgpefyiollaqhqi/Build/Intermediates.noindex/CardShowPro.build/Debug-iphonesimulator/CardShowProUITests.build/Objects-normal/arm64/CardShowPro_dependency_info.dat -fobjc-link-runtime -fprofile-instr-generate -L/Applications/Xcode.app/Contents/Developer/Toolchains/XcodeDefault.xctoolchain/usr/lib/swift/iphonesimulator -L/usr/lib/swift -Xlinker -add_ast_path -Xlinker /Users/preem/Library/Developer/Xcode/DerivedData/CardShowPro-bgihmxnccdiohcgpefyiollaqhqi/Build/Intermediates.noindex/CardShowPro.build/Debug-iphonesimulator/CardShowProUITests.build/Objects-normal/arm64/CardShowProUITests.swiftmodule -Wl,-no_warn_duplicate_libraries -Wl,-no_warn_duplicate_libraries -Wl,-no_warn_duplicate_libraries -Wl,-no_warn_duplicate_libraries -Wl,-no_warn_duplicate_libraries -Wl,-no_warn_duplicate_libraries -Wl,-no_warn_duplicate_libraries -Wl,-no_warn_duplicate_libraries -Wl,-no_warn_duplicate_libraries -Wl,-no_warn_duplicate_libraries -Wl,-no_warn_duplicate_libraries -Wl,-no_warn_duplicate_libraries -framework XCTest -lXCTestSwiftSupport -Xlinker -no_adhoc_codesign -o /Users/preem/Library/Developer/Xcode/DerivedData/CardShowPro-bgihmxnccdiohcgpefyiollaqhqi/Build/Products/Debug-iphonesimulator/CardShowPro-Runner.app/PlugIns/CardShowPro.xctest/CardShowPro -Xlinker -add_ast_path -Xlinker /Users/preem/Library/Developer/Xcode/DerivedData/CardShowPro-bgihmxnccdiohcgpefyiollaqhqi/Build/Intermediates.noindex/CardShowProFeature.build/Debug-iphonesimulator/CardShowProFeature.build/Objects-normal/arm64/CardShowProFeature.swiftmodule -Xlinker -add_ast_path -Xlinker /Users/preem/Library/Developer/Xcode/DerivedData/CardShowPro-bgihmxnccdiohcgpefyiollaqhqi/Build/Intermediates.noindex/Supabase.build/Debug-iphonesimulator/Supabase.build/Objects-normal/arm64/Supabase.swiftmodule -Xlinker -add_ast_path -Xlinker /Users/preem/Library/Developer/Xcode/DerivedData/CardShowPro-bgihmxnccdiohcgpefyiollaqhqi/Build/Intermediates.noindex/Supabase.build/Debug-iphonesimulator/Functions.build/Objects-normal/arm64/Functions.swiftmodule -Xlinker -add_ast_path -Xlinker /Users/preem/Library/Developer/Xcode/DerivedData/CardShowPro-bgihmxnccdiohcgpefyiollaqhqi/Build/Intermediates.noindex/Supabase.build/Debug-iphonesimulator/PostgREST.build/Objects-normal/arm64/PostgREST.swiftmodule -Xlinker -add_ast_path -Xlinker /Users/preem/Library/Developer/Xcode/DerivedData/CardShowPro-bgihmxnccdiohcgpefyiollaqhqi/Build/Intermediates.noindex/Supabase.build/Debug-iphonesimulator/Auth.build/Objects-normal/arm64/Auth.swiftmodule -Xlinker -add_ast_path -Xlinker /Users/preem/Library/Developer/Xcode/DerivedData/CardShowPro-bgihmxnccdiohcgpefyiollaqhqi/Build/Intermediates.noindex/Supabase.build/Debug-iphonesimulator/Realtime.build/Objects-normal/arm64/Realtime.swiftmodule -Xlinker -add_ast_path -Xlinker /Users/preem/Library/Developer/Xcode/DerivedData/CardShowPro-bgihmxnccdiohcgpefyiollaqhqi/Build/Intermediates.noindex/Supabase.build/Debug-iphonesimulator/Storage.build/Objects-normal/arm64/Storage.swiftmodule -Xlinker -add_ast_path -Xlinker /Users/preem/Library/Developer/Xcode/DerivedData/CardShowPro-bgihmxnccdiohcgpefyiollaqhqi/Build/Intermediates.noindex/swift-concurrency-extras.build/Debug-iphonesimulator/ConcurrencyExtras.build/Objects-normal/arm64/ConcurrencyExtras.swiftmodule -Xlinker -add_ast_path -Xlinker /Users/preem/Library/Developer/Xcode/DerivedData/CardShowPro-bgihmxnccdiohcgpefyiollaqhqi/Build/Intermediates.noindex/Supabase.build/Debug-iphonesimulator/_Helpers.build/Objects-normal/arm64/_Helpers.swiftmodule -Xlinker -add_ast_path -Xlinker /Users/preem/Library/Developer/Xcode/DerivedData/CardShowPro-bgihmxnccdiohcgpefyiollaqhqi/Build/Intermediates.noindex/swift-crypto.build/Debug-iphonesimulator/Crypto.build/Objects-normal/arm64/Crypto.swiftmodule -Xlinker -add_ast_path -Xlinker /Users/preem/Library/Developer/Xcode/DerivedData/CardShowPro-bgihmxnccdiohcgpefyiollaqhqi/Build/Intermediates.noindex/KeychainAccess.build/Debug-iphonesimulator/KeychainAccess.build/Objects-normal/arm64/KeychainAccess.swiftmodule -Xlinker -add_ast_path -Xlinker /Users/preem/Library/Developer/Xcode/DerivedData/CardShowPro-bgihmxnccdiohcgpefyiollaqhqi/Build/Intermediates.noindex/RevenueCat.build/Debug-iphonesimulator/RevenueCat.build/Objects-normal/arm64/RevenueCat.swiftmodule

SwiftEmitModule normal arm64 Emitting\ module\ for\ CardShowProFeatureTests (in target 'CardShowProFeatureTests' from project 'CardShowProFeature')
EmitSwiftModule normal arm64 (in target 'CardShowProFeatureTests' from project 'CardShowProFeature')
    cd /Users/preem/Desktop/CardshowPro
    

SwiftCompile normal arm64 Compiling\ ForwardCalculationTests.swift /Users/preem/Desktop/CardshowPro/CardShowProPackage/Tests/CardShowProFeatureTests/ForwardCalculationTests.swift (in target 'CardShowProFeatureTests' from project 'CardShowProFeature')
SwiftCompile normal arm64 /Users/preem/Desktop/CardshowPro/CardShowProPackage/Tests/CardShowProFeatureTests/ForwardCalculationTests.swift (in target 'CardShowProFeatureTests' from project 'CardShowProFeature')
    cd /Users/preem/Desktop/CardshowPro
    
/Users/preem/Desktop/CardshowPro/CardShowProPackage/Tests/CardShowProFeatureTests/ForwardCalculationTests.swift:73:13: warning: initialization of immutable value 'totalFees' was never used; consider replacing with assignment to '_' or removing it
        let totalFees = platformFee + paymentFee // 1.885
        ~~~~^~~~~~~~~
        _
/Users/preem/Desktop/CardshowPro/CardShowProPackage/Tests/CardShowProFeatureTests/ForwardCalculationTests.swift:101:13: warning: initialization of immutable value 'platformFee' was never used; consider replacing with assignment to '_' or removing it
        let platformFee = 20.00 * 0.1295 // 2.59
        ~~~~^~~~~~~~~~~
        _
/Users/preem/Desktop/CardshowPro/CardShowProPackage/Tests/CardShowProFeatureTests/ForwardCalculationTests.swift:102:13: warning: initialization of immutable value 'paymentFee' was never used; consider replacing with assignment to '_' or removing it
        let paymentFee = (20.00 * 0.029) + 0.30 // 0.88
        ~~~~^~~~~~~~~~
        _
/Users/preem/Desktop/CardshowPro/CardShowProPackage/Tests/CardShowProFeatureTests/ForwardCalculationTests.swift:167:13: warning: initialization of immutable value 'platformFee' was never used; consider replacing with assignment to '_' or removing it
        let platformFee = Decimal(string: "0.0001295")! // 0.01 * 0.1295
        ~~~~^~~~~~~~~~~
        _
/Users/preem/Desktop/CardshowPro/CardShowProPackage/Tests/CardShowProFeatureTests/ForwardCalculationTests.swift:168:13: warning: initialization of immutable value 'paymentFee' was never used; consider replacing with assignment to '_' or removing it
        let paymentFee = Decimal(string: "0.30029")! // (0.01 * 0.029) + 0.30
        ~~~~^~~~~~~~~~
        _
/Users/preem/Desktop/CardshowPro/CardShowProPackage/Tests/CardShowProFeatureTests/ForwardCalculationTests.swift:193:13: warning: initialization of immutable value 'totalFees' was never used; consider replacing with assignment to '_' or removing it
        let totalFees = platformFee + paymentFee // 1.0925
        ~~~~^~~~~~~~~
        _

CopySwiftLibs /Users/preem/Library/Developer/Xcode/DerivedData/CardShowPro-bgihmxnccdiohcgpefyiollaqhqi/Build/Products/Debug-iphonesimulator/CardShowPro-Runner.app/PlugIns/CardShowPro.xctest (in target 'CardShowProUITests' from project 'CardShowPro')
    cd /Users/preem/Desktop/CardshowPro
    builtin-swiftStdLibTool --copy --verbose --sign - --scan-executable /Users/preem/Library/Developer/Xcode/DerivedData/CardShowPro-bgihmxnccdiohcgpefyiollaqhqi/Build/Products/Debug-iphonesimulator/CardShowPro-Runner.app/PlugIns/CardShowPro.xctest/CardShowPro --scan-folder /Users/preem/Library/Developer/Xcode/DerivedData/CardShowPro-bgihmxnccdiohcgpefyiollaqhqi/Build/Products/Debug-iphonesimulator/CardShowPro-Runner.app/PlugIns/CardShowPro.xctest/Frameworks --scan-folder /Users/preem/Library/Developer/Xcode/DerivedData/CardShowPro-bgihmxnccdiohcgpefyiollaqhqi/Build/Products/Debug-iphonesimulator/CardShowPro-Runner.app/PlugIns/CardShowPro.xctest/PlugIns --scan-folder /Users/preem/Library/Developer/Xcode/DerivedData/CardShowPro-bgihmxnccdiohcgpefyiollaqhqi/Build/Products/Debug-iphonesimulator/CardShowPro-Runner.app/PlugIns/CardShowPro.xctest/SystemExtensions --scan-folder /Users/preem/Library/Developer/Xcode/DerivedData/CardShowPro-bgihmxnccdiohcgpefyiollaqhqi/Build/Products/Debug-iphonesimulator/CardShowPro-Runner.app/PlugIns/CardShowPro.xctest/Extensions --platform iphonesimulator --toolchain /Applications/Xcode.app/Contents/Developer/Toolchains/XcodeDefault.xctoolchain --destination /Users/preem/Library/Developer/Xcode/DerivedData/CardShowPro-bgihmxnccdiohcgpefyiollaqhqi/Build/Products/Debug-iphonesimulator/CardShowPro-Runner.app/PlugIns/CardShowPro.xctest/Frameworks --strip-bitcode --scan-executable /Applications/Xcode.app/Contents/Developer/Platforms/iPhoneSimulator.platform/Developer/usr/lib/libXCTestSwiftSupport.dylib --strip-bitcode-tool /Applications/Xcode.app/Contents/Developer/Toolchains/XcodeDefault.xctoolchain/usr/bin/bitcode_strip --emit-dependency-info /Users/preem/Library/Developer/Xcode/DerivedData/CardShowPro-bgihmxnccdiohcgpefyiollaqhqi/Build/Intermediates.noindex/CardShowPro.build/Debug-iphonesimulator/CardShowProUITests.build/SwiftStdLibToolInputDependencies.dep --filter-for-swift-os

ExtractAppIntentsMetadata (in target 'CardShowProUITests' from project 'CardShowPro')
    cd /Users/preem/Desktop/CardshowPro
    /Applications/Xcode.app/Contents/Developer/Toolchains/XcodeDefault.xctoolchain/usr/bin/appintentsmetadataprocessor --toolchain-dir /Applications/Xcode.app/Contents/Developer/Toolchains/XcodeDefault.xctoolchain --module-name CardShowProUITests --sdk-root /Applications/Xcode.app/Contents/Developer/Platforms/iPhoneSimulator.platform/Developer/SDKs/iPhoneSimulator18.5.sdk --xcode-version 16F6 --platform-family iOS --deployment-target 17.0 --bundle-identifier com.cardshowpro.app --output /Users/preem/Library/Developer/Xcode/DerivedData/CardShowPro-bgihmxnccdiohcgpefyiollaqhqi/Build/Products/Debug-iphonesimulator/CardShowPro-Runner.app/PlugIns/CardShowPro.xctest --target-triple arm64-apple-ios17.0-simulator --binary-file /Users/preem/Library/Developer/Xcode/DerivedData/CardShowPro-bgihmxnccdiohcgpefyiollaqhqi/Build/Products/Debug-iphonesimulator/CardShowPro-Runner.app/PlugIns/CardShowPro.xctest/CardShowPro --dependency-file /Users/preem/Library/Developer/Xcode/DerivedData/CardShowPro-bgihmxnccdiohcgpefyiollaqhqi/Build/Intermediates.noindex/CardShowPro.build/Debug-iphonesimulator/CardShowProUITests.build/Objects-normal/arm64/CardShowPro_dependency_info.dat --stringsdata-file /Users/preem/Library/Developer/Xcode/DerivedData/CardShowPro-bgihmxnccdiohcgpefyiollaqhqi/Build/Intermediates.noindex/CardShowPro.build/Debug-iphonesimulator/CardShowProUITests.build/Objects-normal/arm64/ExtractedAppShortcutsMetadata.stringsdata --source-file-list /Users/preem/Library/Developer/Xcode/DerivedData/CardShowPro-bgihmxnccdiohcgpefyiollaqhqi/Build/Intermediates.noindex/CardShowPro.build/Debug-iphonesimulator/CardShowProUITests.build/Objects-normal/arm64/CardShowPro.SwiftFileList --metadata-file-list /Users/preem/Library/Developer/Xcode/DerivedData/CardShowPro-bgihmxnccdiohcgpefyiollaqhqi/Build/Intermediates.noindex/CardShowPro.build/Debug-iphonesimulator/CardShowProUITests.build/CardShowPro.DependencyMetadataFileList --static-metadata-file-list /Users/preem/Library/Developer/Xcode/DerivedData/CardShowPro-bgihmxnccdiohcgpefyiollaqhqi/Build/Intermediates.noindex/CardShowPro.build/Debug-iphonesimulator/CardShowProUITests.build/CardShowPro.DependencyStaticMetadataFileList --swift-const-vals-list /Users/preem/Library/Developer/Xcode/DerivedData/CardShowPro-bgihmxnccdiohcgpefyiollaqhqi/Build/Intermediates.noindex/CardShowPro.build/Debug-iphonesimulator/CardShowProUITests.build/Objects-normal/arm64/CardShowPro.SwiftConstValuesFileList --compile-time-extraction --deployment-aware-processing --validate-assistant-intents --no-app-shortcuts-localization
2026-01-13 13:53:07.483 appintentsmetadataprocessor[84832:8513771] Starting appintentsmetadataprocessor export
2026-01-13 13:53:07.488 appintentsmetadataprocessor[84832:8513771] warning: Metadata extraction skipped. No AppIntents.framework dependency found.

SwiftDriverJobDiscovery normal arm64 Emitting module for CardShowProFeatureTests (in target 'CardShowProFeatureTests' from project 'CardShowProFeature')

SwiftDriver\ Compilation\ Requirements CardShowProFeatureTests normal arm64 com.apple.xcode.tools.swift.compiler (in target 'CardShowProFeatureTests' from project 'CardShowProFeature')
    cd /Users/preem/Desktop/CardshowPro
    builtin-Swift-Compilation-Requirements -- /Applications/Xcode.app/Contents/Developer/Toolchains/XcodeDefault.xctoolchain/usr/bin/swiftc -module-name CardShowProFeatureTests -Onone -enforce-exclusivity\=checked @/Users/preem/Library/Developer/Xcode/DerivedData/CardShowPro-bgihmxnccdiohcgpefyiollaqhqi/Build/Intermediates.noindex/CardShowProFeature.build/Debug-iphonesimulator/CardShowProFeatureTests.build/Objects-normal/arm64/CardShowProFeatureTests.SwiftFileList -DSWIFT_PACKAGE -DDEBUG -DXcode -plugin-path /Applications/Xcode.app/Contents/Developer/Toolchains/XcodeDefault.xctoolchain/usr/lib/swift/host/plugins/testing -enable-experimental-feature DebugDescriptionMacro -sdk /Applications/Xcode.app/Contents/Developer/Platforms/iPhoneSimulator.platform/Developer/SDKs/iPhoneSimulator18.5.sdk -target arm64-apple-ios17.0-simulator -g -module-cache-path /Users/preem/Library/Developer/Xcode/DerivedData/ModuleCache.noindex -Xfrontend -serialize-debugging-options -profile-coverage-mapping -profile-generate -enable-testing -index-store-path /Users/preem/Library/Developer/Xcode/DerivedData/CardShowPro-bgihmxnccdiohcgpefyiollaqhqi/Index.noindex/DataStore -swift-version 6 -I /Users/preem/Library/Developer/Xcode/DerivedData/CardShowPro-bgihmxnccdiohcgpefyiollaqhqi/Build/Products/Debug-iphonesimulator -I /Applications/Xcode.app/Contents/Developer/Platforms/iPhoneSimulator.platform/Developer/usr/lib -F /Users/preem/Library/Developer/Xcode/DerivedData/CardShowPro-bgihmxnccdiohcgpefyiollaqhqi/Build/Products/Debug-iphonesimulator/PackageFrameworks -F /Users/preem/Library/Developer/Xcode/DerivedData/CardShowPro-bgihmxnccdiohcgpefyiollaqhqi/Build/Products/Debug-iphonesimulator/PackageFrameworks -F /Users/preem/Library/Developer/Xcode/DerivedData/CardShowPro-bgihmxnccdiohcgpefyiollaqhqi/Build/Products/Debug-iphonesimulator/PackageFrameworks -F /Users/preem/Library/Developer/Xcode/DerivedData/CardShowPro-bgihmxnccdiohcgpefyiollaqhqi/Build/Products/Debug-iphonesimulator/PackageFrameworks -F /Users/preem/Library/Developer/Xcode/DerivedData/CardShowPro-bgihmxnccdiohcgpefyiollaqhqi/Build/Products/Debug-iphonesimulator/PackageFrameworks -F /Users/preem/Library/Developer/Xcode/DerivedData/CardShowPro-bgihmxnccdiohcgpefyiollaqhqi/Build/Products/Debug-iphonesimulator/PackageFrameworks -F /Users/preem/Library/Developer/Xcode/DerivedData/CardShowPro-bgihmxnccdiohcgpefyiollaqhqi/Build/Products/Debug-iphonesimulator/PackageFrameworks -F /Users/preem/Library/Developer/Xcode/DerivedData/CardShowPro-bgihmxnccdiohcgpefyiollaqhqi/Build/Products/Debug-iphonesimulator/PackageFrameworks -F /Users/preem/Library/Developer/Xcode/DerivedData/CardShowPro-bgihmxnccdiohcgpefyiollaqhqi/Build/Products/Debug-iphonesimulator/PackageFrameworks -F /Users/preem/Library/Developer/Xcode/DerivedData/CardShowPro-bgihmxnccdiohcgpefyiollaqhqi/Build/Products/Debug-iphonesimulator/PackageFrameworks -F /Users/preem/Library/Developer/Xcode/DerivedData/CardShowPro-bgihmxnccdiohcgpefyiollaqhqi/Build/Products/Debug-iphonesimulator/PackageFrameworks -F /Users/preem/Library/Developer/Xcode/DerivedData/CardShowPro-bgihmxnccdiohcgpefyiollaqhqi/Build/Products/Debug-iphonesimulator/PackageFrameworks -F /Users/preem/Library/Developer/Xcode/DerivedData/CardShowPro-bgihmxnccdiohcgpefyiollaqhqi/Build/Products/Debug-iphonesimulator -F /Applications/Xcode.app/Contents/Developer/Platforms/iPhoneSimulator.platform/Developer/Library/Frameworks -F /Applications/Xcode.app/Contents/Developer/Platforms/iPhoneSimulator.platform/Developer/SDKs/iPhoneSimulator18.5.sdk/Developer/Library/Frameworks -c -j8 -enable-batch-mode -incremental -Xcc -ivfsstatcache -Xcc /Users/preem/Library/Developer/Xcode/DerivedData/SDKStatCaches.noindex/iphonesimulator18.5-22F76-d5fc8ad4295d2ef488fb7d0f804ce0c4.sdkstatcache -output-file-map /Users/preem/Library/Developer/Xcode/DerivedData/CardShowPro-bgihmxnccdiohcgpefyiollaqhqi/Build/Intermediates.noindex/CardShowProFeature.build/Debug-iphonesimulator/CardShowProFeatureTests.build/Objects-normal/arm64/CardShowProFeatureTests-OutputFileMap.json -use-frontend-parseable-output -save-temps -no-color-diagnostics -serialize-diagnostics -emit-dependencies -emit-module -emit-module-path /Users/preem/Library/Developer/Xcode/DerivedData/CardShowPro-bgihmxnccdiohcgpefyiollaqhqi/Build/Intermediates.noindex/CardShowProFeature.build/Debug-iphonesimulator/CardShowProFeatureTests.build/Objects-normal/arm64/CardShowProFeatureTests.swiftmodule -validate-clang-modules-once -clang-build-session-file /Users/preem/Library/Developer/Xcode/DerivedData/ModuleCache.noindex/Session.modulevalidation -package-name cardshowpropackage -emit-const-values -Xfrontend -const-gather-protocols-file -Xfrontend /Users/preem/Library/Developer/Xcode/DerivedData/CardShowPro-bgihmxnccdiohcgpefyiollaqhqi/Build/Intermediates.noindex/CardShowProFeature.build/Debug-iphonesimulator/CardShowProFeatureTests.build/Objects-normal/arm64/CardShowProFeatureTests_const_extract_protocols.json -Xcc -I/Users/preem/Library/Developer/Xcode/DerivedData/CardShowPro-bgihmxnccdiohcgpefyiollaqhqi/Build/Products/Debug-iphonesimulator/include -Xcc -I/Users/preem/Library/Developer/Xcode/DerivedData/CardShowPro-bgihmxnccdiohcgpefyiollaqhqi/Build/Intermediates.noindex/CardShowProFeature.build/Debug-iphonesimulator/CardShowProFeatureTests.build/DerivedSources-normal/arm64 -Xcc -I/Users/preem/Library/Developer/Xcode/DerivedData/CardShowPro-bgihmxnccdiohcgpefyiollaqhqi/Build/Intermediates.noindex/CardShowProFeature.build/Debug-iphonesimulator/CardShowProFeatureTests.build/DerivedSources/arm64 -Xcc -I/Users/preem/Library/Developer/Xcode/DerivedData/CardShowPro-bgihmxnccdiohcgpefyiollaqhqi/Build/Intermediates.noindex/CardShowProFeature.build/Debug-iphonesimulator/CardShowProFeatureTests.build/DerivedSources -Xcc -DSWIFT_PACKAGE -Xcc -DDEBUG\=1 -working-directory /Users/preem/Desktop/CardshowPro -experimental-emit-module-separately -disable-cmo

Copy /Users/preem/Library/Developer/Xcode/DerivedData/CardShowPro-bgihmxnccdiohcgpefyiollaqhqi/Build/Products/Debug-iphonesimulator/CardShowProFeatureTests.swiftmodule/Project/arm64-apple-ios-simulator.swiftsourceinfo /Users/preem/Library/Developer/Xcode/DerivedData/CardShowPro-bgihmxnccdiohcgpefyiollaqhqi/Build/Intermediates.noindex/CardShowProFeature.build/Debug-iphonesimulator/CardShowProFeatureTests.build/Objects-normal/arm64/CardShowProFeatureTests.swiftsourceinfo (in target 'CardShowProFeatureTests' from project 'CardShowProFeature')
    cd /Users/preem/Desktop/CardshowPro/CardShowProPackage
    builtin-copy -exclude .DS_Store -exclude CVS -exclude .svn -exclude .git -exclude .hg -resolve-src-symlinks -rename /Users/preem/Library/Developer/Xcode/DerivedData/CardShowPro-bgihmxnccdiohcgpefyiollaqhqi/Build/Intermediates.noindex/CardShowProFeature.build/Debug-iphonesimulator/CardShowProFeatureTests.build/Objects-normal/arm64/CardShowProFeatureTests.swiftsourceinfo /Users/preem/Library/Developer/Xcode/DerivedData/CardShowPro-bgihmxnccdiohcgpefyiollaqhqi/Build/Products/Debug-iphonesimulator/CardShowProFeatureTests.swiftmodule/Project/arm64-apple-ios-simulator.swiftsourceinfo

Copy /Users/preem/Library/Developer/Xcode/DerivedData/CardShowPro-bgihmxnccdiohcgpefyiollaqhqi/Build/Products/Debug-iphonesimulator/CardShowProFeatureTests.swiftmodule/arm64-apple-ios-simulator.abi.json /Users/preem/Library/Developer/Xcode/DerivedData/CardShowPro-bgihmxnccdiohcgpefyiollaqhqi/Build/Intermediates.noindex/CardShowProFeature.build/Debug-iphonesimulator/CardShowProFeatureTests.build/Objects-normal/arm64/CardShowProFeatureTests.abi.json (in target 'CardShowProFeatureTests' from project 'CardShowProFeature')
    cd /Users/preem/Desktop/CardshowPro/CardShowProPackage
    builtin-copy -exclude .DS_Store -exclude CVS -exclude .svn -exclude .git -exclude .hg -resolve-src-symlinks -rename /Users/preem/Library/Developer/Xcode/DerivedData/CardShowPro-bgihmxnccdiohcgpefyiollaqhqi/Build/Intermediates.noindex/CardShowProFeature.build/Debug-iphonesimulator/CardShowProFeatureTests.build/Objects-normal/arm64/CardShowProFeatureTests.abi.json /Users/preem/Library/Developer/Xcode/DerivedData/CardShowPro-bgihmxnccdiohcgpefyiollaqhqi/Build/Products/Debug-iphonesimulator/CardShowProFeatureTests.swiftmodule/arm64-apple-ios-simulator.abi.json

CodeSign /Users/preem/Library/Developer/Xcode/DerivedData/CardShowPro-bgihmxnccdiohcgpefyiollaqhqi/Build/Products/Debug-iphonesimulator/CardShowPro-Runner.app/PlugIns/CardShowPro.xctest (in target 'CardShowProUITests' from project 'CardShowPro')
    cd /Users/preem/Desktop/CardshowPro
    
    Signing Identity:     "Sign to Run Locally"
    
    /usr/bin/codesign --force --sign - --entitlements /Users/preem/Library/Developer/Xcode/DerivedData/CardShowPro-bgihmxnccdiohcgpefyiollaqhqi/Build/Intermediates.noindex/CardShowPro.build/Debug-iphonesimulator/CardShowProUITests.build/CardShowPro.xctest.xcent --timestamp\=none --generate-entitlement-der /Users/preem/Library/Developer/Xcode/DerivedData/CardShowPro-bgihmxnccdiohcgpefyiollaqhqi/Build/Products/Debug-iphonesimulator/CardShowPro-Runner.app/PlugIns/CardShowPro.xctest

SwiftDriverJobDiscovery normal arm64 Compiling ForwardCalculationTests.swift (in target 'CardShowProFeatureTests' from project 'CardShowProFeature')

SwiftDriver\ Compilation CardShowProFeatureTests normal arm64 com.apple.xcode.tools.swift.compiler (in target 'CardShowProFeatureTests' from project 'CardShowProFeature')
    cd /Users/preem/Desktop/CardshowPro
    builtin-Swift-Compilation -- /Applications/Xcode.app/Contents/Developer/Toolchains/XcodeDefault.xctoolchain/usr/bin/swiftc -module-name CardShowProFeatureTests -Onone -enforce-exclusivity\=checked @/Users/preem/Library/Developer/Xcode/DerivedData/CardShowPro-bgihmxnccdiohcgpefyiollaqhqi/Build/Intermediates.noindex/CardShowProFeature.build/Debug-iphonesimulator/CardShowProFeatureTests.build/Objects-normal/arm64/CardShowProFeatureTests.SwiftFileList -DSWIFT_PACKAGE -DDEBUG -DXcode -plugin-path /Applications/Xcode.app/Contents/Developer/Toolchains/XcodeDefault.xctoolchain/usr/lib/swift/host/plugins/testing -enable-experimental-feature DebugDescriptionMacro -sdk /Applications/Xcode.app/Contents/Developer/Platforms/iPhoneSimulator.platform/Developer/SDKs/iPhoneSimulator18.5.sdk -target arm64-apple-ios17.0-simulator -g -module-cache-path /Users/preem/Library/Developer/Xcode/DerivedData/ModuleCache.noindex -Xfrontend -serialize-debugging-options -profile-coverage-mapping -profile-generate -enable-testing -index-store-path /Users/preem/Library/Developer/Xcode/DerivedData/CardShowPro-bgihmxnccdiohcgpefyiollaqhqi/Index.noindex/DataStore -swift-version 6 -I /Users/preem/Library/Developer/Xcode/DerivedData/CardShowPro-bgihmxnccdiohcgpefyiollaqhqi/Build/Products/Debug-iphonesimulator -I /Applications/Xcode.app/Contents/Developer/Platforms/iPhoneSimulator.platform/Developer/usr/lib -F /Users/preem/Library/Developer/Xcode/DerivedData/CardShowPro-bgihmxnccdiohcgpefyiollaqhqi/Build/Products/Debug-iphonesimulator/PackageFrameworks -F /Users/preem/Library/Developer/Xcode/DerivedData/CardShowPro-bgihmxnccdiohcgpefyiollaqhqi/Build/Products/Debug-iphonesimulator/PackageFrameworks -F /Users/preem/Library/Developer/Xcode/DerivedData/CardShowPro-bgihmxnccdiohcgpefyiollaqhqi/Build/Products/Debug-iphonesimulator/PackageFrameworks -F /Users/preem/Library/Developer/Xcode/DerivedData/CardShowPro-bgihmxnccdiohcgpefyiollaqhqi/Build/Products/Debug-iphonesimulator/PackageFrameworks -F /Users/preem/Library/Developer/Xcode/DerivedData/CardShowPro-bgihmxnccdiohcgpefyiollaqhqi/Build/Products/Debug-iphonesimulator/PackageFrameworks -F /Users/preem/Library/Developer/Xcode/DerivedData/CardShowPro-bgihmxnccdiohcgpefyiollaqhqi/Build/Products/Debug-iphonesimulator/PackageFrameworks -F /Users/preem/Library/Developer/Xcode/DerivedData/CardShowPro-bgihmxnccdiohcgpefyiollaqhqi/Build/Products/Debug-iphonesimulator/PackageFrameworks -F /Users/preem/Library/Developer/Xcode/DerivedData/CardShowPro-bgihmxnccdiohcgpefyiollaqhqi/Build/Products/Debug-iphonesimulator/PackageFrameworks -F /Users/preem/Library/Developer/Xcode/DerivedData/CardShowPro-bgihmxnccdiohcgpefyiollaqhqi/Build/Products/Debug-iphonesimulator/PackageFrameworks -F /Users/preem/Library/Developer/Xcode/DerivedData/CardShowPro-bgihmxnccdiohcgpefyiollaqhqi/Build/Products/Debug-iphonesimulator/PackageFrameworks -F /Users/preem/Library/Developer/Xcode/DerivedData/CardShowPro-bgihmxnccdiohcgpefyiollaqhqi/Build/Products/Debug-iphonesimulator/PackageFrameworks -F /Users/preem/Library/Developer/Xcode/DerivedData/CardShowPro-bgihmxnccdiohcgpefyiollaqhqi/Build/Products/Debug-iphonesimulator/PackageFrameworks -F /Users/preem/Library/Developer/Xcode/DerivedData/CardShowPro-bgihmxnccdiohcgpefyiollaqhqi/Build/Products/Debug-iphonesimulator -F /Applications/Xcode.app/Contents/Developer/Platforms/iPhoneSimulator.platform/Developer/Library/Frameworks -F /Applications/Xcode.app/Contents/Developer/Platforms/iPhoneSimulator.platform/Developer/SDKs/iPhoneSimulator18.5.sdk/Developer/Library/Frameworks -c -j8 -enable-batch-mode -incremental -Xcc -ivfsstatcache -Xcc /Users/preem/Library/Developer/Xcode/DerivedData/SDKStatCaches.noindex/iphonesimulator18.5-22F76-d5fc8ad4295d2ef488fb7d0f804ce0c4.sdkstatcache -output-file-map /Users/preem/Library/Developer/Xcode/DerivedData/CardShowPro-bgihmxnccdiohcgpefyiollaqhqi/Build/Intermediates.noindex/CardShowProFeature.build/Debug-iphonesimulator/CardShowProFeatureTests.build/Objects-normal/arm64/CardShowProFeatureTests-OutputFileMap.json -use-frontend-parseable-output -save-temps -no-color-diagnostics -serialize-diagnostics -emit-dependencies -emit-module -emit-module-path /Users/preem/Library/Developer/Xcode/DerivedData/CardShowPro-bgihmxnccdiohcgpefyiollaqhqi/Build/Intermediates.noindex/CardShowProFeature.build/Debug-iphonesimulator/CardShowProFeatureTests.build/Objects-normal/arm64/CardShowProFeatureTests.swiftmodule -validate-clang-modules-once -clang-build-session-file /Users/preem/Library/Developer/Xcode/DerivedData/ModuleCache.noindex/Session.modulevalidation -package-name cardshowpropackage -emit-const-values -Xfrontend -const-gather-protocols-file -Xfrontend /Users/preem/Library/Developer/Xcode/DerivedData/CardShowPro-bgihmxnccdiohcgpefyiollaqhqi/Build/Intermediates.noindex/CardShowProFeature.build/Debug-iphonesimulator/CardShowProFeatureTests.build/Objects-normal/arm64/CardShowProFeatureTests_const_extract_protocols.json -Xcc -I/Users/preem/Library/Developer/Xcode/DerivedData/CardShowPro-bgihmxnccdiohcgpefyiollaqhqi/Build/Products/Debug-iphonesimulator/include -Xcc -I/Users/preem/Library/Developer/Xcode/DerivedData/CardShowPro-bgihmxnccdiohcgpefyiollaqhqi/Build/Intermediates.noindex/CardShowProFeature.build/Debug-iphonesimulator/CardShowProFeatureTests.build/DerivedSources-normal/arm64 -Xcc -I/Users/preem/Library/Developer/Xcode/DerivedData/CardShowPro-bgihmxnccdiohcgpefyiollaqhqi/Build/Intermediates.noindex/CardShowProFeature.build/Debug-iphonesimulator/CardShowProFeatureTests.build/DerivedSources/arm64 -Xcc -I/Users/preem/Library/Developer/Xcode/DerivedData/CardShowPro-bgihmxnccdiohcgpefyiollaqhqi/Build/Intermediates.noindex/CardShowProFeature.build/Debug-iphonesimulator/CardShowProFeatureTests.build/DerivedSources -Xcc -DSWIFT_PACKAGE -Xcc -DDEBUG\=1 -working-directory /Users/preem/Desktop/CardshowPro -experimental-emit-module-separately -disable-cmo

Ld /Users/preem/Library/Developer/Xcode/DerivedData/CardShowPro-bgihmxnccdiohcgpefyiollaqhqi/Build/Products/Debug-iphonesimulator/CardShowProFeatureTests.xctest/CardShowProFeatureTests normal (in target 'CardShowProFeatureTests' from project 'CardShowProFeature')
    cd /Users/preem/Desktop/CardshowPro/CardShowProPackage
    /Applications/Xcode.app/Contents/Developer/Toolchains/XcodeDefault.xctoolchain/usr/bin/clang -Xlinker -reproducible -target arm64-apple-ios17.0-simulator -bundle -isysroot /Applications/Xcode.app/Contents/Developer/Platforms/iPhoneSimulator.platform/Developer/SDKs/iPhoneSimulator18.5.sdk -O0 -L/Users/preem/Library/Developer/Xcode/DerivedData/CardShowPro-bgihmxnccdiohcgpefyiollaqhqi/Build/Intermediates.noindex/EagerLinkingTBDs/Debug-iphonesimulator -L/Users/preem/Library/Developer/Xcode/DerivedData/CardShowPro-bgihmxnccdiohcgpefyiollaqhqi/Build/Products/Debug-iphonesimulator -L/Applications/Xcode.app/Contents/Developer/Platforms/iPhoneSimulator.platform/Developer/usr/lib -F/Users/preem/Library/Developer/Xcode/DerivedData/CardShowPro-bgihmxnccdiohcgpefyiollaqhqi/Build/Intermediates.noindex/EagerLinkingTBDs/Debug-iphonesimulator -F/Users/preem/Library/Developer/Xcode/DerivedData/CardShowPro-bgihmxnccdiohcgpefyiollaqhqi/Build/Products/Debug-iphonesimulator/PackageFrameworks -F/Users/preem/Library/Developer/Xcode/DerivedData/CardShowPro-bgihmxnccdiohcgpefyiollaqhqi/Build/Products/Debug-iphonesimulator/PackageFrameworks -F/Users/preem/Library/Developer/Xcode/DerivedData/CardShowPro-bgihmxnccdiohcgpefyiollaqhqi/Build/Products/Debug-iphonesimulator/PackageFrameworks -F/Users/preem/Library/Developer/Xcode/DerivedData/CardShowPro-bgihmxnccdiohcgpefyiollaqhqi/Build/Products/Debug-iphonesimulator/PackageFrameworks -F/Users/preem/Library/Developer/Xcode/DerivedData/CardShowPro-bgihmxnccdiohcgpefyiollaqhqi/Build/Products/Debug-iphonesimulator/PackageFrameworks -F/Users/preem/Library/Developer/Xcode/DerivedData/CardShowPro-bgihmxnccdiohcgpefyiollaqhqi/Build/Products/Debug-iphonesimulator/PackageFrameworks -F/Users/preem/Library/Developer/Xcode/DerivedData/CardShowPro-bgihmxnccdiohcgpefyiollaqhqi/Build/Products/Debug-iphonesimulator/PackageFrameworks -F/Users/preem/Library/Developer/Xcode/DerivedData/CardShowPro-bgihmxnccdiohcgpefyiollaqhqi/Build/Products/Debug-iphonesimulator/PackageFrameworks -F/Users/preem/Library/Developer/Xcode/DerivedData/CardShowPro-bgihmxnccdiohcgpefyiollaqhqi/Build/Products/Debug-iphonesimulator/PackageFrameworks -F/Users/preem/Library/Developer/Xcode/DerivedData/CardShowPro-bgihmxnccdiohcgpefyiollaqhqi/Build/Products/Debug-iphonesimulator/PackageFrameworks -F/Users/preem/Library/Developer/Xcode/DerivedData/CardShowPro-bgihmxnccdiohcgpefyiollaqhqi/Build/Products/Debug-iphonesimulator/PackageFrameworks -F/Users/preem/Library/Developer/Xcode/DerivedData/CardShowPro-bgihmxnccdiohcgpefyiollaqhqi/Build/Products/Debug-iphonesimulator/PackageFrameworks -F/Users/preem/Library/Developer/Xcode/DerivedData/CardShowPro-bgihmxnccdiohcgpefyiollaqhqi/Build/Products/Debug-iphonesimulator -iframework /Applications/Xcode.app/Contents/Developer/Platforms/iPhoneSimulator.platform/Developer/Library/Frameworks -iframework /Applications/Xcode.app/Contents/Developer/Platforms/iPhoneSimulator.platform/Developer/SDKs/iPhoneSimulator18.5.sdk/Developer/Library/Frameworks -filelist /Users/preem/Library/Developer/Xcode/DerivedData/CardShowPro-bgihmxnccdiohcgpefyiollaqhqi/Build/Intermediates.noindex/CardShowProFeature.build/Debug-iphonesimulator/CardShowProFeatureTests.build/Objects-normal/arm64/CardShowProFeatureTests.LinkFileList -Xlinker -rpath -Xlinker /Users/preem/Library/Developer/Xcode/DerivedData/CardShowPro-bgihmxnccdiohcgpefyiollaqhqi/Build/Products/Debug-iphonesimulator/PackageFrameworks -Xlinker -rpath -Xlinker @loader_path/Frameworks -Xlinker -rpath -Xlinker @loader_path/../Frameworks -dead_strip -Xlinker -object_path_lto -Xlinker /Users/preem/Library/Developer/Xcode/DerivedData/CardShowPro-bgihmxnccdiohcgpefyiollaqhqi/Build/Intermediates.noindex/CardShowProFeature.build/Debug-iphonesimulator/CardShowProFeatureTests.build/Objects-normal/arm64/CardShowProFeatureTests_lto.o -rdynamic -Xlinker -no_deduplicate -Xlinker -objc_abi_version -Xlinker 2 -Xlinker -debug_variant -Xlinker -dependency_info -Xlinker /Users/preem/Library/Developer/Xcode/DerivedData/CardShowPro-bgihmxnccdiohcgpefyiollaqhqi/Build/Intermediates.noindex/CardShowProFeature.build/Debug-iphonesimulator/CardShowProFeatureTests.build/Objects-normal/arm64/CardShowProFeatureTests_dependency_info.dat -fobjc-link-runtime -fprofile-instr-generate -L/Applications/Xcode.app/Contents/Developer/Toolchains/XcodeDefault.xctoolchain/usr/lib/swift/iphonesimulator -L/usr/lib/swift -Xlinker -add_ast_path -Xlinker /Users/preem/Library/Developer/Xcode/DerivedData/CardShowPro-bgihmxnccdiohcgpefyiollaqhqi/Build/Intermediates.noindex/CardShowProFeature.build/Debug-iphonesimulator/CardShowProFeatureTests.build/Objects-normal/arm64/CardShowProFeatureTests.swiftmodule -Wl,-no_warn_duplicate_libraries -Wl,-no_warn_duplicate_libraries -Wl,-no_warn_duplicate_libraries -Wl,-no_warn_duplicate_libraries -Wl,-no_warn_duplicate_libraries -Wl,-no_warn_duplicate_libraries -Wl,-no_warn_duplicate_libraries -Wl,-no_warn_duplicate_libraries -Wl,-no_warn_duplicate_libraries -Wl,-no_warn_duplicate_libraries -Wl,-no_warn_duplicate_libraries -Wl,-no_warn_duplicate_libraries -framework XCTest -lXCTestSwiftSupport -Xlinker -no_adhoc_codesign -o /Users/preem/Library/Developer/Xcode/DerivedData/CardShowPro-bgihmxnccdiohcgpefyiollaqhqi/Build/Products/Debug-iphonesimulator/CardShowProFeatureTests.xctest/CardShowProFeatureTests -Xlinker -add_ast_path -Xlinker /Users/preem/Library/Developer/Xcode/DerivedData/CardShowPro-bgihmxnccdiohcgpefyiollaqhqi/Build/Intermediates.noindex/Supabase.build/Debug-iphonesimulator/Supabase.build/Objects-normal/arm64/Supabase.swiftmodule -Xlinker -add_ast_path -Xlinker /Users/preem/Library/Developer/Xcode/DerivedData/CardShowPro-bgihmxnccdiohcgpefyiollaqhqi/Build/Intermediates.noindex/Supabase.build/Debug-iphonesimulator/Functions.build/Objects-normal/arm64/Functions.swiftmodule -Xlinker -add_ast_path -Xlinker /Users/preem/Library/Developer/Xcode/DerivedData/CardShowPro-bgihmxnccdiohcgpefyiollaqhqi/Build/Intermediates.noindex/Supabase.build/Debug-iphonesimulator/PostgREST.build/Objects-normal/arm64/PostgREST.swiftmodule -Xlinker -add_ast_path -Xlinker /Users/preem/Library/Developer/Xcode/DerivedData/CardShowPro-bgihmxnccdiohcgpefyiollaqhqi/Build/Intermediates.noindex/Supabase.build/Debug-iphonesimulator/Auth.build/Objects-normal/arm64/Auth.swiftmodule -Xlinker -add_ast_path -Xlinker /Users/preem/Library/Developer/Xcode/DerivedData/CardShowPro-bgihmxnccdiohcgpefyiollaqhqi/Build/Intermediates.noindex/Supabase.build/Debug-iphonesimulator/Realtime.build/Objects-normal/arm64/Realtime.swiftmodule -Xlinker -add_ast_path -Xlinker /Users/preem/Library/Developer/Xcode/DerivedData/CardShowPro-bgihmxnccdiohcgpefyiollaqhqi/Build/Intermediates.noindex/Supabase.build/Debug-iphonesimulator/Storage.build/Objects-normal/arm64/Storage.swiftmodule -Xlinker -add_ast_path -Xlinker /Users/preem/Library/Developer/Xcode/DerivedData/CardShowPro-bgihmxnccdiohcgpefyiollaqhqi/Build/Intermediates.noindex/swift-concurrency-extras.build/Debug-iphonesimulator/ConcurrencyExtras.build/Objects-normal/arm64/ConcurrencyExtras.swiftmodule -Xlinker -add_ast_path -Xlinker /Users/preem/Library/Developer/Xcode/DerivedData/CardShowPro-bgihmxnccdiohcgpefyiollaqhqi/Build/Intermediates.noindex/Supabase.build/Debug-iphonesimulator/_Helpers.build/Objects-normal/arm64/_Helpers.swiftmodule -Xlinker -add_ast_path -Xlinker /Users/preem/Library/Developer/Xcode/DerivedData/CardShowPro-bgihmxnccdiohcgpefyiollaqhqi/Build/Intermediates.noindex/swift-crypto.build/Debug-iphonesimulator/Crypto.build/Objects-normal/arm64/Crypto.swiftmodule -Xlinker -add_ast_path -Xlinker /Users/preem/Library/Developer/Xcode/DerivedData/CardShowPro-bgihmxnccdiohcgpefyiollaqhqi/Build/Intermediates.noindex/KeychainAccess.build/Debug-iphonesimulator/KeychainAccess.build/Objects-normal/arm64/KeychainAccess.swiftmodule -Xlinker -add_ast_path -Xlinker /Users/preem/Library/Developer/Xcode/DerivedData/CardShowPro-bgihmxnccdiohcgpefyiollaqhqi/Build/Intermediates.noindex/RevenueCat.build/Debug-iphonesimulator/RevenueCat.build/Objects-normal/arm64/RevenueCat.swiftmodule -Xlinker -add_ast_path -Xlinker /Users/preem/Library/Developer/Xcode/DerivedData/CardShowPro-bgihmxnccdiohcgpefyiollaqhqi/Build/Intermediates.noindex/CardShowProFeature.build/Debug-iphonesimulator/CardShowProFeature.build/Objects-normal/arm64/CardShowProFeature.swiftmodule

CopySwiftLibs /Users/preem/Library/Developer/Xcode/DerivedData/CardShowPro-bgihmxnccdiohcgpefyiollaqhqi/Build/Products/Debug-iphonesimulator/CardShowProFeatureTests.xctest (in target 'CardShowProFeatureTests' from project 'CardShowProFeature')
    cd /Users/preem/Desktop/CardshowPro/CardShowProPackage
    builtin-swiftStdLibTool --copy --verbose --sign - --scan-executable /Users/preem/Library/Developer/Xcode/DerivedData/CardShowPro-bgihmxnccdiohcgpefyiollaqhqi/Build/Products/Debug-iphonesimulator/CardShowProFeatureTests.xctest/CardShowProFeatureTests --scan-folder /Users/preem/Library/Developer/Xcode/DerivedData/CardShowPro-bgihmxnccdiohcgpefyiollaqhqi/Build/Products/Debug-iphonesimulator/CardShowProFeatureTests.xctest/Frameworks --scan-folder /Users/preem/Library/Developer/Xcode/DerivedData/CardShowPro-bgihmxnccdiohcgpefyiollaqhqi/Build/Products/Debug-iphonesimulator/CardShowProFeatureTests.xctest/PlugIns --scan-folder /Users/preem/Library/Developer/Xcode/DerivedData/CardShowPro-bgihmxnccdiohcgpefyiollaqhqi/Build/Products/Debug-iphonesimulator/CardShowProFeatureTests.xctest/SystemExtensions --scan-folder /Users/preem/Library/Developer/Xcode/DerivedData/CardShowPro-bgihmxnccdiohcgpefyiollaqhqi/Build/Products/Debug-iphonesimulator/CardShowProFeatureTests.xctest/Extensions --platform iphonesimulator --toolchain /Applications/Xcode.app/Contents/Developer/Toolchains/XcodeDefault.xctoolchain --destination /Users/preem/Library/Developer/Xcode/DerivedData/CardShowPro-bgihmxnccdiohcgpefyiollaqhqi/Build/Products/Debug-iphonesimulator/CardShowProFeatureTests.xctest/Frameworks --strip-bitcode --scan-executable /Applications/Xcode.app/Contents/Developer/Platforms/iPhoneSimulator.platform/Developer/usr/lib/libXCTestSwiftSupport.dylib --strip-bitcode-tool /Applications/Xcode.app/Contents/Developer/Toolchains/XcodeDefault.xctoolchain/usr/bin/bitcode_strip --emit-dependency-info /Users/preem/Library/Developer/Xcode/DerivedData/CardShowPro-bgihmxnccdiohcgpefyiollaqhqi/Build/Intermediates.noindex/CardShowProFeature.build/Debug-iphonesimulator/CardShowProFeatureTests.build/SwiftStdLibToolInputDependencies.dep --filter-for-swift-os

ExtractAppIntentsMetadata (in target 'CardShowProFeatureTests' from project 'CardShowProFeature')
    cd /Users/preem/Desktop/CardshowPro/CardShowProPackage
    /Applications/Xcode.app/Contents/Developer/Toolchains/XcodeDefault.xctoolchain/usr/bin/appintentsmetadataprocessor --toolchain-dir /Applications/Xcode.app/Contents/Developer/Toolchains/XcodeDefault.xctoolchain --module-name CardShowProFeatureTests --sdk-root /Applications/Xcode.app/Contents/Developer/Platforms/iPhoneSimulator.platform/Developer/SDKs/iPhoneSimulator18.5.sdk --xcode-version 16F6 --platform-family iOS --deployment-target 17.0 --bundle-identifier cardshowpropackage.CardShowProFeatureTests --output /Users/preem/Library/Developer/Xcode/DerivedData/CardShowPro-bgihmxnccdiohcgpefyiollaqhqi/Build/Products/Debug-iphonesimulator/CardShowProFeatureTests.xctest --target-triple arm64-apple-ios17.0-simulator --binary-file /Users/preem/Library/Developer/Xcode/DerivedData/CardShowPro-bgihmxnccdiohcgpefyiollaqhqi/Build/Products/Debug-iphonesimulator/CardShowProFeatureTests.xctest/CardShowProFeatureTests --dependency-file /Users/preem/Library/Developer/Xcode/DerivedData/CardShowPro-bgihmxnccdiohcgpefyiollaqhqi/Build/Intermediates.noindex/CardShowProFeature.build/Debug-iphonesimulator/CardShowProFeatureTests.build/Objects-normal/arm64/CardShowProFeatureTests_dependency_info.dat --stringsdata-file /Users/preem/Library/Developer/Xcode/DerivedData/CardShowPro-bgihmxnccdiohcgpefyiollaqhqi/Build/Intermediates.noindex/CardShowProFeature.build/Debug-iphonesimulator/CardShowProFeatureTests.build/Objects-normal/arm64/ExtractedAppShortcutsMetadata.stringsdata --source-file-list /Users/preem/Library/Developer/Xcode/DerivedData/CardShowPro-bgihmxnccdiohcgpefyiollaqhqi/Build/Intermediates.noindex/CardShowProFeature.build/Debug-iphonesimulator/CardShowProFeatureTests.build/Objects-normal/arm64/CardShowProFeatureTests.SwiftFileList --metadata-file-list /Users/preem/Library/Developer/Xcode/DerivedData/CardShowPro-bgihmxnccdiohcgpefyiollaqhqi/Build/Intermediates.noindex/CardShowProFeature.build/Debug-iphonesimulator/CardShowProFeatureTests.build/CardShowProFeatureTests.DependencyMetadataFileList --static-metadata-file-list /Users/preem/Library/Developer/Xcode/DerivedData/CardShowPro-bgihmxnccdiohcgpefyiollaqhqi/Build/Intermediates.noindex/CardShowProFeature.build/Debug-iphonesimulator/CardShowProFeatureTests.build/CardShowProFeatureTests.DependencyStaticMetadataFileList --swift-const-vals-list /Users/preem/Library/Developer/Xcode/DerivedData/CardShowPro-bgihmxnccdiohcgpefyiollaqhqi/Build/Intermediates.noindex/CardShowProFeature.build/Debug-iphonesimulator/CardShowProFeatureTests.build/Objects-normal/arm64/CardShowProFeatureTests.SwiftConstValuesFileList --compile-time-extraction --deployment-aware-processing --validate-assistant-intents --no-app-shortcuts-localization
2026-01-13 13:53:09.143 appintentsmetadataprocessor[84848:8513897] Starting appintentsmetadataprocessor export
2026-01-13 13:53:09.145 appintentsmetadataprocessor[84848:8513897] warning: Metadata extraction skipped. No AppIntents.framework dependency found.

AppIntentsSSUTraining (in target 'CardShowProFeatureTests' from project 'CardShowProFeature')
    cd /Users/preem/Desktop/CardshowPro/CardShowProPackage
    /Applications/Xcode.app/Contents/Developer/Toolchains/XcodeDefault.xctoolchain/usr/bin/appintentsnltrainingprocessor --infoplist-path /Users/preem/Library/Developer/Xcode/DerivedData/CardShowPro-bgihmxnccdiohcgpefyiollaqhqi/Build/Products/Debug-iphonesimulator/CardShowProFeatureTests.xctest/Info.plist --temp-dir-path /Users/preem/Library/Developer/Xcode/DerivedData/CardShowPro-bgihmxnccdiohcgpefyiollaqhqi/Build/Intermediates.noindex/CardShowProFeature.build/Debug-iphonesimulator/CardShowProFeatureTests.build/ssu --bundle-id cardshowpropackage.CardShowProFeatureTests --product-path /Users/preem/Library/Developer/Xcode/DerivedData/CardShowPro-bgihmxnccdiohcgpefyiollaqhqi/Build/Products/Debug-iphonesimulator/CardShowProFeatureTests.xctest --extracted-metadata-path /Users/preem/Library/Developer/Xcode/DerivedData/CardShowPro-bgihmxnccdiohcgpefyiollaqhqi/Build/Products/Debug-iphonesimulator/CardShowProFeatureTests.xctest/Metadata.appintents --metadata-file-list /Users/preem/Library/Developer/Xcode/DerivedData/CardShowPro-bgihmxnccdiohcgpefyiollaqhqi/Build/Intermediates.noindex/CardShowProFeature.build/Debug-iphonesimulator/CardShowProFeatureTests.build/CardShowProFeatureTests.DependencyMetadataFileList --archive-ssu-assets
2026-01-13 13:53:09.161 appintentsnltrainingprocessor[84849:8513898] Parsing options for appintentsnltrainingprocessor
2026-01-13 13:53:09.162 appintentsnltrainingprocessor[84849:8513898] No AppShortcuts found - Skipping.

CodeSign /Users/preem/Library/Developer/Xcode/DerivedData/CardShowPro-bgihmxnccdiohcgpefyiollaqhqi/Build/Products/Debug-iphonesimulator/CardShowProFeatureTests.xctest (in target 'CardShowProFeatureTests' from project 'CardShowProFeature')
    cd /Users/preem/Desktop/CardshowPro/CardShowProPackage
    
    Signing Identity:     "Sign to Run Locally"
    
    /usr/bin/codesign --force --sign - --timestamp\=none --generate-entitlement-der /Users/preem/Library/Developer/Xcode/DerivedData/CardShowPro-bgihmxnccdiohcgpefyiollaqhqi/Build/Products/Debug-iphonesimulator/CardShowProFeatureTests.xctest

RegisterExecutionPolicyException /Users/preem/Library/Developer/Xcode/DerivedData/CardShowPro-bgihmxnccdiohcgpefyiollaqhqi/Build/Products/Debug-iphonesimulator/CardShowProFeatureTests.xctest (in target 'CardShowProFeatureTests' from project 'CardShowProFeature')
    cd /Users/preem/Desktop/CardshowPro/CardShowProPackage
    builtin-RegisterExecutionPolicyException /Users/preem/Library/Developer/Xcode/DerivedData/CardShowPro-bgihmxnccdiohcgpefyiollaqhqi/Build/Products/Debug-iphonesimulator/CardShowProFeatureTests.xctest

Touch /Users/preem/Library/Developer/Xcode/DerivedData/CardShowPro-bgihmxnccdiohcgpefyiollaqhqi/Build/Products/Debug-iphonesimulator/CardShowProFeatureTests.xctest (in target 'CardShowProFeatureTests' from project 'CardShowProFeature')
    cd /Users/preem/Desktop/CardshowPro/CardShowProPackage
    /usr/bin/touch -c /Users/preem/Library/Developer/Xcode/DerivedData/CardShowPro-bgihmxnccdiohcgpefyiollaqhqi/Build/Products/Debug-iphonesimulator/CardShowProFeatureTests.xctest

2026-01-13 13:53:14.563113-0500 CardShowPro-Runner[84900:8514201] [Default] Running tests...
2026-01-13 13:53:14.579904-0500 CardShowPro-Runner[84900:8514620] [General] Failed to send CA Event for app launch measurements for ca_event_type: 0 event_name: com.apple.app_launch_measurement.FirstFramePresentationMetric
2026-01-13 13:53:14.657050-0500 CardShowPro-Runner[84900:8514628] [General] Failed to send CA Event for app launch measurements for ca_event_type: 1 event_name: com.apple.app_launch_measurement.ExtendedLaunchMetrics
    t =      nans Interface orientation changed to Portrait
Test Suite 'All tests' started at 2026-01-13 13:53:15.632.
Test Suite 'CardShowPro.xctest' started at 2026-01-13 13:53:15.632.
Test Suite 'CardShowProUITests' started at 2026-01-13 13:53:15.632.
Test Case '-[CardShowProUITests.CardShowProUITests testExample]' started.
    t =     0.00s Start Test at 2026-01-13 13:53:15.633
    t =     0.31s Set Up
    t =     0.31s Open com.cardshowpro.app
    t =     0.31s     Launch com.cardshowpro.app
    t =     0.31s         Terminate com.cardshowpro.app:76037
    t =     1.81s         Setting up automation session
    t =     2.63s         Wait for com.cardshowpro.app to idle
    t =     4.37s Tear Down
Test Case '-[CardShowProUITests.CardShowProUITests testExample]' passed (4.630 seconds).
Test Suite 'CardShowProUITests' passed at 2026-01-13 13:53:20.263.
	 Executed 1 test, with 0 failures (0 unexpected) in 4.630 (4.630) seconds
Test Suite 'SalesCalculatorBasicTests' started at 2026-01-13 13:53:20.264.
Test Case '-[CardShowProUITests.SalesCalculatorBasicTests testForwardModeSmokeTest]' started.
    t =     0.00s Start Test at 2026-01-13 13:53:20.264
    t =     0.03s Set Up
    t =     0.03s     Open com.cardshowpro.app
    t =     0.03s         Launch com.cardshowpro.app
    t =     0.04s             Terminate com.cardshowpro.app:84981
    t =     1.33s             Setting up automation session
    t =     1.97s             Wait for com.cardshowpro.app to idle
    t =     3.30s     Waiting 5.0s for "Tools" Button to exist
    t =     4.37s         Checking `Expect predicate `existsNoRetry == 1` for object "Tools" Button`
    t =     4.37s             Checking existence of `"Tools" Button`
    t =     4.48s     Tap "Tools" Button
    t =     4.48s         Wait for com.cardshowpro.app to idle
    t =     4.48s         Find the "Tools" Button
    t =     4.51s         Check for interrupting elements affecting "Tools" Button
    t =     4.54s         Synthesize event
    t =     4.96s         Wait for com.cardshowpro.app to idle
    t =     5.58s     Checking existence of `"sales-calculator-button" Button`
    t =     5.65s     Waiting 5.0s for "Sales Calculator" Button to exist
    t =     6.72s         Checking `Expect predicate `existsNoRetry == 1` for object "Sales Calculator" Button`
    t =     6.73s             Checking existence of `"Sales Calculator" Button`
    t =     6.77s             Capturing element debug description
    t =     7.72s         Checking `Expect predicate `existsNoRetry == 1` for object "Sales Calculator" Button`
    t =     7.73s             Checking existence of `"Sales Calculator" Button`
    t =     7.76s             Capturing element debug description
    t =     8.72s         Checking `Expect predicate `existsNoRetry == 1` for object "Sales Calculator" Button`
    t =     8.72s             Checking existence of `"Sales Calculator" Button`
    t =     8.77s             Capturing element debug description
    t =     9.74s         Checking `Expect predicate `existsNoRetry == 1` for object "Sales Calculator" Button`
    t =     9.74s             Checking existence of `"Sales Calculator" Button`
    t =     9.76s             Capturing element debug description
    t =    10.65s         Checking `Expect predicate `existsNoRetry == 1` for object "Sales Calculator" Button`
    t =    10.65s             Checking existence of `"Sales Calculator" Button`
    t =    10.68s             Capturing element debug description
    t =    10.68s         Checking existence of `"Sales Calculator" Button`
    t =    10.70s     Collecting debug information to assist test failure triage
    t =    10.70s         Requesting snapshot of accessibility hierarchy for app with pid 85039
/Users/preem/Desktop/CardshowPro/CardShowProUITests/SalesCalculatorBasicTests.swift:41: error: -[CardShowProUITests.SalesCalculatorBasicTests testForwardModeSmokeTest] : XCTAssertTrue failed - Sales Calculator button should exist
    t =    11.74s Tear Down
    t =    11.74s     Find the Target Application 'com.cardshowpro.app'
    t =    11.85s     Added attachment named 'Failure Screenshot'
Test Case '-[CardShowProUITests.SalesCalculatorBasicTests testForwardModeSmokeTest]' failed (12.079 seconds).
Test Case '-[CardShowProUITests.SalesCalculatorBasicTests testHighValueCard]' started.
    t =     0.00s Start Test at 2026-01-13 13:53:32.345
    t =     0.02s Set Up
    t =     0.02s     Open com.cardshowpro.app
    t =     0.02s         Launch com.cardshowpro.app
    t =     0.02s             Terminate com.cardshowpro.app:85039
    t =     1.25s             Setting up automation session
    t =     1.92s             Wait for com.cardshowpro.app to idle
    t =     3.22s     Waiting 5.0s for "Tools" Button to exist
    t =     4.30s         Checking `Expect predicate `existsNoRetry == 1` for object "Tools" Button`
    t =     4.31s             Checking existence of `"Tools" Button`
    t =     4.42s     Tap "Tools" Button
    t =     4.42s         Wait for com.cardshowpro.app to idle
    t =     4.42s         Find the "Tools" Button
    t =     4.45s         Check for interrupting elements affecting "Tools" Button
    t =     4.48s         Synthesize event
    t =     4.77s         Wait for com.cardshowpro.app to idle
    t =     5.33s     Checking existence of `"sales-calculator-button" Button`
    t =     5.40s     Waiting 5.0s for "Sales Calculator" Button to exist
    t =     6.48s         Checking `Expect predicate `existsNoRetry == 1` for object "Sales Calculator" Button`
    t =     6.48s             Checking existence of `"Sales Calculator" Button`
    t =     6.52s             Capturing element debug description
    t =     7.49s         Checking `Expect predicate `existsNoRetry == 1` for object "Sales Calculator" Button`
    t =     7.49s             Checking existence of `"Sales Calculator" Button`
    t =     7.54s             Capturing element debug description
    t =     8.40s         Checking `Expect predicate `existsNoRetry == 1` for object "Sales Calculator" Button`
    t =     8.41s             Checking existence of `"Sales Calculator" Button`
    t =     8.45s             Capturing element debug description
    t =     9.40s         Checking `Expect predicate `existsNoRetry == 1` for object "Sales Calculator" Button`
    t =     9.40s             Checking existence of `"Sales Calculator" Button`
    t =     9.43s             Capturing element debug description
    t =    10.40s         Checking `Expect predicate `existsNoRetry == 1` for object "Sales Calculator" Button`
    t =    10.41s             Checking existence of `"Sales Calculator" Button`
    t =    10.44s             Capturing element debug description
    t =    10.44s         Checking existence of `"Sales Calculator" Button`
    t =    10.47s     Collecting debug information to assist test failure triage
    t =    10.47s         Requesting snapshot of accessibility hierarchy for app with pid 85208
/Users/preem/Desktop/CardshowPro/CardShowProUITests/SalesCalculatorBasicTests.swift:41: error: -[CardShowProUITests.SalesCalculatorBasicTests testHighValueCard] : XCTAssertTrue failed - Sales Calculator button should exist
    t =    10.51s Tear Down
    t =    10.51s     Find the Target Application 'com.cardshowpro.app'
    t =    10.61s     Added attachment named 'Failure Screenshot'
Test Case '-[CardShowProUITests.SalesCalculatorBasicTests testHighValueCard]' failed (10.851 seconds).
Test Case '-[CardShowProUITests.SalesCalculatorBasicTests testModeSwitching]' started.
    t =     0.00s Start Test at 2026-01-13 13:53:43.197
    t =     0.02s Set Up
    t =     0.02s     Open com.cardshowpro.app
    t =     0.02s         Launch com.cardshowpro.app
    t =     0.02s             Terminate com.cardshowpro.app:85208
    t =     1.32s             Setting up automation session
    t =     1.99s             Wait for com.cardshowpro.app to idle
    t =     3.34s     Waiting 5.0s for "Tools" Button to exist
    t =     4.38s         Checking `Expect predicate `existsNoRetry == 1` for object "Tools" Button`
    t =     4.39s             Checking existence of `"Tools" Button`
    t =     4.50s     Tap "Tools" Button
    t =     4.50s         Wait for com.cardshowpro.app to idle
    t =     4.51s         Find the "Tools" Button
    t =     4.54s         Check for interrupting elements affecting "Tools" Button
    t =     4.56s         Synthesize event
    t =     4.85s         Wait for com.cardshowpro.app to idle
    t =     5.41s     Checking existence of `"sales-calculator-button" Button`
    t =     5.49s     Waiting 5.0s for "Sales Calculator" Button to exist
    t =     6.52s         Checking `Expect predicate `existsNoRetry == 1` for object "Sales Calculator" Button`
    t =     6.53s             Checking existence of `"Sales Calculator" Button`
    t =     6.57s             Capturing element debug description
    t =     7.49s         Checking `Expect predicate `existsNoRetry == 1` for object "Sales Calculator" Button`
    t =     7.49s             Checking existence of `"Sales Calculator" Button`
    t =     7.53s             Capturing element debug description
    t =     8.57s         Checking `Expect predicate `existsNoRetry == 1` for object "Sales Calculator" Button`
    t =     8.58s             Checking existence of `"Sales Calculator" Button`
    t =     8.62s             Capturing element debug description
    t =     9.55s         Checking `Expect predicate `existsNoRetry == 1` for object "Sales Calculator" Button`
    t =     9.56s             Checking existence of `"Sales Calculator" Button`
    t =     9.60s             Capturing element debug description
    t =    10.49s         Checking `Expect predicate `existsNoRetry == 1` for object "Sales Calculator" Button`
    t =    10.49s             Checking existence of `"Sales Calculator" Button`
    t =    10.52s             Capturing element debug description
    t =    10.52s         Checking existence of `"Sales Calculator" Button`
    t =    10.55s     Collecting debug information to assist test failure triage
    t =    10.55s         Requesting snapshot of accessibility hierarchy for app with pid 85388
/Users/preem/Desktop/CardshowPro/CardShowProUITests/SalesCalculatorBasicTests.swift:41: error: -[CardShowProUITests.SalesCalculatorBasicTests testModeSwitching] : XCTAssertTrue failed - Sales Calculator button should exist
    t =    10.59s Tear Down
    t =    10.59s     Find the Target Application 'com.cardshowpro.app'
    t =    10.69s     Added attachment named 'Failure Screenshot'
Test Case '-[CardShowProUITests.SalesCalculatorBasicTests testModeSwitching]' failed (10.909 seconds).
Test Case '-[CardShowProUITests.SalesCalculatorBasicTests testPennyCard]' started.
    t =     0.00s Start Test at 2026-01-13 13:53:54.106
    t =     0.05s Set Up
    t =     0.05s     Open com.cardshowpro.app
    t =     0.05s         Launch com.cardshowpro.app
    t =     0.05s             Terminate com.cardshowpro.app:85388
    t =     1.34s             Setting up automation session
    t =     2.03s             Wait for com.cardshowpro.app to idle
    t =     3.37s     Waiting 5.0s for "Tools" Button to exist
    t =     4.41s         Checking `Expect predicate `existsNoRetry == 1` for object "Tools" Button`
    t =     4.41s             Checking existence of `"Tools" Button`
    t =     4.51s     Tap "Tools" Button
    t =     4.51s         Wait for com.cardshowpro.app to idle
    t =     4.51s         Find the "Tools" Button
    t =     4.54s         Check for interrupting elements affecting "Tools" Button
    t =     4.56s         Synthesize event
    t =     4.85s         Wait for com.cardshowpro.app to idle
    t =     5.42s     Checking existence of `"sales-calculator-button" Button`
    t =     5.50s     Waiting 5.0s for "Sales Calculator" Button to exist
    t =     6.53s         Checking `Expect predicate `existsNoRetry == 1` for object "Sales Calculator" Button`
    t =     6.53s             Checking existence of `"Sales Calculator" Button`
    t =     6.56s             Capturing element debug description
    t =     7.50s         Checking `Expect predicate `existsNoRetry == 1` for object "Sales Calculator" Button`
    t =     7.50s             Checking existence of `"Sales Calculator" Button`
    t =     7.53s             Capturing element debug description
    t =     8.55s         Checking `Expect predicate `existsNoRetry == 1` for object "Sales Calculator" Button`
    t =     8.55s             Checking existence of `"Sales Calculator" Button`
    t =     8.58s             Capturing element debug description
    t =     9.51s         Checking `Expect predicate `existsNoRetry == 1` for object "Sales Calculator" Button`
    t =     9.51s             Checking existence of `"Sales Calculator" Button`
    t =     9.54s             Capturing element debug description
    t =    10.50s         Checking `Expect predicate `existsNoRetry == 1` for object "Sales Calculator" Button`
    t =    10.50s             Checking existence of `"Sales Calculator" Button`
    t =    10.54s             Capturing element debug description
    t =    10.54s         Checking existence of `"Sales Calculator" Button`
    t =    10.57s     Collecting debug information to assist test failure triage
    t =    10.57s         Requesting snapshot of accessibility hierarchy for app with pid 85537
/Users/preem/Desktop/CardshowPro/CardShowProUITests/SalesCalculatorBasicTests.swift:41: error: -[CardShowProUITests.SalesCalculatorBasicTests testPennyCard] : XCTAssertTrue failed - Sales Calculator button should exist
    t =    10.61s Tear Down
    t =    10.61s     Find the Target Application 'com.cardshowpro.app'
    t =    10.71s     Added attachment named 'Failure Screenshot'
Test Case '-[CardShowProUITests.SalesCalculatorBasicTests testPennyCard]' failed (10.992 seconds).
Test Case '-[CardShowProUITests.SalesCalculatorBasicTests testPlatformComparisonButton]' started.
    t =     0.00s Start Test at 2026-01-13 13:54:05.100
    t =     0.03s Set Up
    t =     0.04s     Open com.cardshowpro.app
    t =     0.04s         Launch com.cardshowpro.app
    t =     0.04s             Terminate com.cardshowpro.app:85537
    t =     1.31s             Setting up automation session
    t =     2.02s             Wait for com.cardshowpro.app to idle
    t =     3.36s     Waiting 5.0s for "Tools" Button to exist
    t =     4.39s         Checking `Expect predicate `existsNoRetry == 1` for object "Tools" Button`
    t =     4.39s             Checking existence of `"Tools" Button`
    t =     4.50s     Tap "Tools" Button
    t =     4.50s         Wait for com.cardshowpro.app to idle
    t =     4.51s         Find the "Tools" Button
    t =     4.54s         Check for interrupting elements affecting "Tools" Button
    t =     4.56s         Synthesize event
    t =     4.85s         Wait for com.cardshowpro.app to idle
    t =     5.41s     Checking existence of `"sales-calculator-button" Button`
    t =     5.50s     Waiting 5.0s for "Sales Calculator" Button to exist
    t =     6.52s         Checking `Expect predicate `existsNoRetry == 1` for object "Sales Calculator" Button`
    t =     6.52s             Checking existence of `"Sales Calculator" Button`
    t =     6.56s             Capturing element debug description
    t =     7.59s         Checking `Expect predicate `existsNoRetry == 1` for object "Sales Calculator" Button`
    t =     7.59s             Checking existence of `"Sales Calculator" Button`
    t =     7.63s             Capturing element debug description
    t =     8.55s         Checking `Expect predicate `existsNoRetry == 1` for object "Sales Calculator" Button`
    t =     8.55s             Checking existence of `"Sales Calculator" Button`
    t =     8.58s             Capturing element debug description
    t =     9.51s         Checking `Expect predicate `existsNoRetry == 1` for object "Sales Calculator" Button`
    t =     9.51s             Checking existence of `"Sales Calculator" Button`
    t =     9.55s             Capturing element debug description
    t =    10.50s         Checking `Expect predicate `existsNoRetry == 1` for object "Sales Calculator" Button`
    t =    10.50s             Checking existence of `"Sales Calculator" Button`
    t =    10.54s             Capturing element debug description
    t =    10.54s         Checking existence of `"Sales Calculator" Button`
    t =    10.57s     Collecting debug information to assist test failure triage
    t =    10.57s         Requesting snapshot of accessibility hierarchy for app with pid 85691
/Users/preem/Desktop/CardshowPro/CardShowProUITests/SalesCalculatorBasicTests.swift:41: error: -[CardShowProUITests.SalesCalculatorBasicTests testPlatformComparisonButton] : XCTAssertTrue failed - Sales Calculator button should exist
    t =    10.61s Tear Down
    t =    10.61s     Find the Target Application 'com.cardshowpro.app'
    t =    10.71s     Added attachment named 'Failure Screenshot'
Test Case '-[CardShowProUITests.SalesCalculatorBasicTests testPlatformComparisonButton]' failed (10.972 seconds).
Test Case '-[CardShowProUITests.SalesCalculatorBasicTests testRapidInputSpam]' started.
    t =     0.00s Start Test at 2026-01-13 13:54:16.072
    t =     0.02s Set Up
    t =     0.02s     Open com.cardshowpro.app
    t =     0.02s         Launch com.cardshowpro.app
    t =     0.02s             Terminate com.cardshowpro.app:85691
    t =     1.29s             Setting up automation session
    t =     1.99s             Wait for com.cardshowpro.app to idle
    t =     3.33s     Waiting 5.0s for "Tools" Button to exist
    t =     4.37s         Checking `Expect predicate `existsNoRetry == 1` for object "Tools" Button`
    t =     4.37s             Checking existence of `"Tools" Button`
    t =     4.47s     Tap "Tools" Button
    t =     4.47s         Wait for com.cardshowpro.app to idle
    t =     4.47s         Find the "Tools" Button
    t =     4.50s         Check for interrupting elements affecting "Tools" Button
    t =     4.53s         Synthesize event
    t =     4.82s         Wait for com.cardshowpro.app to idle
    t =     5.39s     Checking existence of `"sales-calculator-button" Button`
    t =     5.47s     Waiting 5.0s for "Sales Calculator" Button to exist
    t =     6.51s         Checking `Expect predicate `existsNoRetry == 1` for object "Sales Calculator" Button`
    t =     6.51s             Checking existence of `"Sales Calculator" Button`
    t =     6.54s             Capturing element debug description
    t =     7.56s         Checking `Expect predicate `existsNoRetry == 1` for object "Sales Calculator" Button`
    t =     7.56s             Checking existence of `"Sales Calculator" Button`
    t =     7.59s             Capturing element debug description
    t =     8.51s         Checking `Expect predicate `existsNoRetry == 1` for object "Sales Calculator" Button`
    t =     8.51s             Checking existence of `"Sales Calculator" Button`
    t =     8.55s             Capturing element debug description
    t =     9.57s         Checking `Expect predicate `existsNoRetry == 1` for object "Sales Calculator" Button`
    t =     9.57s             Checking existence of `"Sales Calculator" Button`
    t =     9.61s             Capturing element debug description
    t =    10.48s         Checking `Expect predicate `existsNoRetry == 1` for object "Sales Calculator" Button`
    t =    10.48s             Checking existence of `"Sales Calculator" Button`
    t =    10.52s             Capturing element debug description
    t =    10.52s         Checking existence of `"Sales Calculator" Button`
    t =    10.55s     Collecting debug information to assist test failure triage
    t =    10.55s         Requesting snapshot of accessibility hierarchy for app with pid 85859
/Users/preem/Desktop/CardshowPro/CardShowProUITests/SalesCalculatorBasicTests.swift:41: error: -[CardShowProUITests.SalesCalculatorBasicTests testRapidInputSpam] : XCTAssertTrue failed - Sales Calculator button should exist
    t =    10.59s Tear Down
    t =    10.59s     Find the Target Application 'com.cardshowpro.app'
    t =    10.69s     Added attachment named 'Failure Screenshot'
Test Case '-[CardShowProUITests.SalesCalculatorBasicTests testRapidInputSpam]' failed (10.950 seconds).
Test Case '-[CardShowProUITests.SalesCalculatorBasicTests testResetButton]' started.
    t =     0.00s Start Test at 2026-01-13 13:54:27.024
    t =     0.03s Set Up
    t =     0.03s     Open com.cardshowpro.app
    t =     0.03s         Launch com.cardshowpro.app
    t =     0.03s             Terminate com.cardshowpro.app:85859
    t =     1.31s             Setting up automation session
    t =     1.95s             Wait for com.cardshowpro.app to idle
    t =     3.26s     Waiting 5.0s for "Tools" Button to exist
    t =     4.29s         Checking `Expect predicate `existsNoRetry == 1` for object "Tools" Button`
    t =     4.29s             Checking existence of `"Tools" Button`
    t =     4.40s     Tap "Tools" Button
    t =     4.40s         Wait for com.cardshowpro.app to idle
    t =     4.40s         Find the "Tools" Button
    t =     4.43s         Check for interrupting elements affecting "Tools" Button
    t =     4.45s         Synthesize event
    t =     4.74s         Wait for com.cardshowpro.app to idle
    t =     5.30s     Checking existence of `"sales-calculator-button" Button`
    t =     5.38s     Waiting 5.0s for "Sales Calculator" Button to exist
    t =     6.42s         Checking `Expect predicate `existsNoRetry == 1` for object "Sales Calculator" Button`
    t =     6.42s             Checking existence of `"Sales Calculator" Button`
    t =     6.45s             Capturing element debug description
    t =     7.38s         Checking `Expect predicate `existsNoRetry == 1` for object "Sales Calculator" Button`
    t =     7.38s             Checking existence of `"Sales Calculator" Button`
    t =     7.42s             Capturing element debug description
    t =     8.43s         Checking `Expect predicate `existsNoRetry == 1` for object "Sales Calculator" Button`
    t =     8.44s             Checking existence of `"Sales Calculator" Button`
    t =     8.47s             Capturing element debug description
    t =     9.40s         Checking `Expect predicate `existsNoRetry == 1` for object "Sales Calculator" Button`
    t =     9.40s             Checking existence of `"Sales Calculator" Button`
    t =     9.44s             Capturing element debug description
    t =    10.38s         Checking `Expect predicate `existsNoRetry == 1` for object "Sales Calculator" Button`
    t =    10.38s             Checking existence of `"Sales Calculator" Button`
    t =    10.41s             Capturing element debug description
    t =    10.41s         Checking existence of `"Sales Calculator" Button`
    t =    10.45s     Collecting debug information to assist test failure triage
    t =    10.45s         Requesting snapshot of accessibility hierarchy for app with pid 86002
/Users/preem/Desktop/CardshowPro/CardShowProUITests/SalesCalculatorBasicTests.swift:41: error: -[CardShowProUITests.SalesCalculatorBasicTests testResetButton] : XCTAssertTrue failed - Sales Calculator button should exist
    t =    10.50s Tear Down
    t =    10.50s     Find the Target Application 'com.cardshowpro.app'
    t =    10.60s     Added attachment named 'Failure Screenshot'
Test Case '-[CardShowProUITests.SalesCalculatorBasicTests testResetButton]' failed (10.835 seconds).
Test Case '-[CardShowProUITests.SalesCalculatorBasicTests testShippingCostImpact]' started.
    t =     0.00s Start Test at 2026-01-13 13:54:37.860
    t =     0.03s Set Up
    t =     0.04s     Open com.cardshowpro.app
    t =     0.04s         Launch com.cardshowpro.app
    t =     0.04s             Terminate com.cardshowpro.app:86002
    t =     1.32s             Setting up automation session
    t =     2.00s             Wait for com.cardshowpro.app to idle
    t =     3.29s     Waiting 5.0s for "Tools" Button to exist
    t =     4.33s         Checking `Expect predicate `existsNoRetry == 1` for object "Tools" Button`
    t =     4.33s             Checking existence of `"Tools" Button`
    t =     4.45s     Tap "Tools" Button
    t =     4.45s         Wait for com.cardshowpro.app to idle
    t =     4.45s         Find the "Tools" Button
    t =     4.48s         Check for interrupting elements affecting "Tools" Button
    t =     4.51s         Synthesize event
    t =     4.80s         Wait for com.cardshowpro.app to idle
    t =     5.35s     Checking existence of `"sales-calculator-button" Button`
    t =     5.42s     Waiting 5.0s for "Sales Calculator" Button to exist
    t =     6.45s         Checking `Expect predicate `existsNoRetry == 1` for object "Sales Calculator" Button`
    t =     6.45s             Checking existence of `"Sales Calculator" Button`
    t =     6.49s             Capturing element debug description
    t =     7.51s         Checking `Expect predicate `existsNoRetry == 1` for object "Sales Calculator" Button`
    t =     7.51s             Checking existence of `"Sales Calculator" Button`
    t =     7.54s             Capturing element debug description
    t =     8.45s         Checking `Expect predicate `existsNoRetry == 1` for object "Sales Calculator" Button`
    t =     8.46s             Checking existence of `"Sales Calculator" Button`
    t =     8.50s             Capturing element debug description
    t =     9.42s         Checking `Expect predicate `existsNoRetry == 1` for object "Sales Calculator" Button`
    t =     9.42s             Checking existence of `"Sales Calculator" Button`
    t =     9.47s             Capturing element debug description
    t =    10.42s         Checking `Expect predicate `existsNoRetry == 1` for object "Sales Calculator" Button`
    t =    10.42s             Checking existence of `"Sales Calculator" Button`
    t =    10.46s             Capturing element debug description
    t =    10.47s         Checking existence of `"Sales Calculator" Button`
    t =    10.49s     Collecting debug information to assist test failure triage
    t =    10.49s         Requesting snapshot of accessibility hierarchy for app with pid 86160
/Users/preem/Desktop/CardshowPro/CardShowProUITests/SalesCalculatorBasicTests.swift:41: error: -[CardShowProUITests.SalesCalculatorBasicTests testShippingCostImpact] : XCTAssertTrue failed - Sales Calculator button should exist
    t =    10.53s Tear Down
    t =    10.53s     Find the Target Application 'com.cardshowpro.app'
    t =    10.63s     Added attachment named 'Failure Screenshot'
Test Case '-[CardShowProUITests.SalesCalculatorBasicTests testShippingCostImpact]' failed (10.913 seconds).
Test Case '-[CardShowProUITests.SalesCalculatorBasicTests testSuppliesCostInclusion]' started.
    t =     0.00s Start Test at 2026-01-13 13:54:48.773
    t =     0.03s Set Up
    t =     0.03s     Open com.cardshowpro.app
    t =     0.03s         Launch com.cardshowpro.app
    t =     0.03s             Terminate com.cardshowpro.app:86160
    t =     1.32s             Setting up automation session
    t =     1.95s             Wait for com.cardshowpro.app to idle
    t =     3.26s     Waiting 5.0s for "Tools" Button to exist
    t =     4.29s         Checking `Expect predicate `existsNoRetry == 1` for object "Tools" Button`
    t =     4.29s             Checking existence of `"Tools" Button`
    t =     4.40s     Tap "Tools" Button
    t =     4.40s         Wait for com.cardshowpro.app to idle
    t =     4.41s         Find the "Tools" Button
    t =     4.44s         Check for interrupting elements affecting "Tools" Button
    t =     4.46s         Synthesize event
    t =     4.76s         Wait for com.cardshowpro.app to idle
    t =     5.32s     Checking existence of `"sales-calculator-button" Button`
    t =     5.40s     Waiting 5.0s for "Sales Calculator" Button to exist
    t =     6.43s         Checking `Expect predicate `existsNoRetry == 1` for object "Sales Calculator" Button`
    t =     6.43s             Checking existence of `"Sales Calculator" Button`
    t =     6.47s             Capturing element debug description
    t =     7.50s         Checking `Expect predicate `existsNoRetry == 1` for object "Sales Calculator" Button`
    t =     7.50s             Checking existence of `"Sales Calculator" Button`
    t =     7.52s             Capturing element debug description
    t =     8.44s         Checking `Expect predicate `existsNoRetry == 1` for object "Sales Calculator" Button`
    t =     8.44s             Checking existence of `"Sales Calculator" Button`
    t =     8.48s             Capturing element debug description
    t =     9.41s         Checking `Expect predicate `existsNoRetry == 1` for object "Sales Calculator" Button`
    t =     9.41s             Checking existence of `"Sales Calculator" Button`
    t =     9.45s             Capturing element debug description
    t =    10.41s         Checking `Expect predicate `existsNoRetry == 1` for object "Sales Calculator" Button`
    t =    10.41s             Checking existence of `"Sales Calculator" Button`
    t =    10.43s             Capturing element debug description
    t =    10.43s         Checking existence of `"Sales Calculator" Button`
    t =    10.46s     Collecting debug information to assist test failure triage
    t =    10.46s         Requesting snapshot of accessibility hierarchy for app with pid 86343
/Users/preem/Desktop/CardshowPro/CardShowProUITests/SalesCalculatorBasicTests.swift:41: error: -[CardShowProUITests.SalesCalculatorBasicTests testSuppliesCostInclusion] : XCTAssertTrue failed - Sales Calculator button should exist
    t =    10.50s Tear Down
    t =    10.50s     Find the Target Application 'com.cardshowpro.app'
    t =    10.60s     Added attachment named 'Failure Screenshot'
Test Case '-[CardShowProUITests.SalesCalculatorBasicTests testSuppliesCostInclusion]' failed (10.878 seconds).
Test Case '-[CardShowProUITests.SalesCalculatorBasicTests testZeroInputHandling]' started.
    t =     0.00s Start Test at 2026-01-13 13:54:59.651
    t =     0.04s Set Up
    t =     0.04s     Open com.cardshowpro.app
    t =     0.04s         Launch com.cardshowpro.app
    t =     0.04s             Terminate com.cardshowpro.app:86343
    t =     1.31s             Setting up automation session
    t =     2.01s             Wait for com.cardshowpro.app to idle
    t =     3.37s     Waiting 5.0s for "Tools" Button to exist
    t =     4.40s         Checking `Expect predicate `existsNoRetry == 1` for object "Tools" Button`
    t =     4.40s             Checking existence of `"Tools" Button`
    t =     4.52s     Tap "Tools" Button
    t =     4.52s         Wait for com.cardshowpro.app to idle
    t =     4.52s         Find the "Tools" Button
    t =     4.55s         Check for interrupting elements affecting "Tools" Button
    t =     4.57s         Synthesize event
    t =     4.87s         Wait for com.cardshowpro.app to idle
    t =     5.43s     Checking existence of `"sales-calculator-button" Button`
    t =     5.50s     Waiting 5.0s for "Sales Calculator" Button to exist
    t =     6.53s         Checking `Expect predicate `existsNoRetry == 1` for object "Sales Calculator" Button`
    t =     6.53s             Checking existence of `"Sales Calculator" Button`
    t =     6.57s             Capturing element debug description
    t =     7.51s         Checking `Expect predicate `existsNoRetry == 1` for object "Sales Calculator" Button`
    t =     7.51s             Checking existence of `"Sales Calculator" Button`
    t =     7.54s             Capturing element debug description
    t =     8.56s         Checking `Expect predicate `existsNoRetry == 1` for object "Sales Calculator" Button`
    t =     8.56s             Checking existence of `"Sales Calculator" Button`
    t =     8.60s             Capturing element debug description
    t =     9.54s         Checking `Expect predicate `existsNoRetry == 1` for object "Sales Calculator" Button`
    t =     9.54s             Checking existence of `"Sales Calculator" Button`
    t =     9.57s             Capturing element debug description
    t =    10.50s         Checking `Expect predicate `existsNoRetry == 1` for object "Sales Calculator" Button`
    t =    10.50s             Checking existence of `"Sales Calculator" Button`
    t =    10.53s             Capturing element debug description
    t =    10.53s         Checking existence of `"Sales Calculator" Button`
    t =    10.55s     Collecting debug information to assist test failure triage
    t =    10.55s         Requesting snapshot of accessibility hierarchy for app with pid 86509
/Users/preem/Desktop/CardshowPro/CardShowProUITests/SalesCalculatorBasicTests.swift:41: error: -[CardShowProUITests.SalesCalculatorBasicTests testZeroInputHandling] : XCTAssertTrue failed - Sales Calculator button should exist
    t =    10.59s Tear Down
    t =    10.59s     Find the Target Application 'com.cardshowpro.app'
    t =    10.69s     Added attachment named 'Failure Screenshot'
Test Case '-[CardShowProUITests.SalesCalculatorBasicTests testZeroInputHandling]' failed (10.907 seconds).
Test Suite 'SalesCalculatorBasicTests' failed at 2026-01-13 13:55:10.559.
	 Executed 10 tests, with 10 failures (0 unexpected) in 110.287 (110.295) seconds
Test Suite 'CardShowPro.xctest' failed at 2026-01-13 13:55:10.561.
	 Executed 11 tests, with 10 failures (0 unexpected) in 114.917 (114.929) seconds
Test Suite 'All tests' failed at 2026-01-13 13:55:10.563.
	 Executed 11 tests, with 10 failures (0 unexpected) in 114.917 (114.931) seconds
2026-01-13 13:55:23.514 xcodebuild[84722:8513317] [MT] IDETestOperationsObserverDebug: 134.168 elapsed -- Testing started completed.
2026-01-13 13:55:23.514 xcodebuild[84722:8513317] [MT] IDETestOperationsObserverDebug: 0.000 sec, +0.000 sec -- start
2026-01-13 13:55:23.514 xcodebuild[84722:8513317] [MT] IDETestOperationsObserverDebug: 134.168 sec, +134.168 sec -- end

Test session results, code coverage, and logs:
	/Users/preem/Desktop/CardshowPro/TestResults.xcresult

Failing tests:
	SalesCalculatorBasicTests.testForwardModeSmokeTest()
	SalesCalculatorBasicTests.testHighValueCard()
	SalesCalculatorBasicTests.testModeSwitching()
	SalesCalculatorBasicTests.testPennyCard()
	SalesCalculatorBasicTests.testPlatformComparisonButton()
	SalesCalculatorBasicTests.testRapidInputSpam()
	SalesCalculatorBasicTests.testResetButton()
	SalesCalculatorBasicTests.testShippingCostImpact()
	SalesCalculatorBasicTests.testSuppliesCostInclusion()
	SalesCalculatorBasicTests.testZeroInputHandling()

** TEST FAILED **

Testing started
